#
# There is insufficient memory for the Java Runtime Environment to continue.
# Native memory allocation (malloc) failed to allocate 402256 bytes for Chunk::new
# Possible reasons:
#   The system is out of physical RAM or swap space
#   The process is running with CompressedOops enabled, and the Java Heap may be blocking the growth of the native heap
# Possible solutions:
#   Reduce memory load on the system
#   Increase physical memory or swap space
#   Check if swap backing store is full
#   Decrease Java heap size (-Xmx/-Xms)
#   Decrease number of Java threads
#   Decrease Java thread stack sizes (-Xss)
#   Set larger code cache with -XX:ReservedCodeCacheSize=
#   JVM is running with Unscaled Compressed Oops mode in which the Java heap is
#     placed in the first 4GB address space. The Java Heap base address is the
#     maximum limit for the native heap growth. Please use -XX:HeapBaseMinAddress
#     to set the Java Heap base and to place the Java Heap above 4GB virtual address.
# This output file may be truncated or incomplete.
#
#  Out of Memory Error (./src/hotspot/share/memory/arena.cpp:197), pid=15520, tid=19760
#
# JRE version: OpenJDK Runtime Environment (11.0.12+7) (build 11.0.12+7-b1504.28-7817840)
# Java VM: OpenJDK 64-Bit Server VM (11.0.12+7-b1504.28-7817840, mixed mode, tiered, compressed oops, g1 gc, windows-amd64)
# No core dump will be written. Minidumps are not enabled by default on client versions of Windows
#

---------------  S U M M A R Y ------------

Command Line: --add-opens=java.base/java.util=ALL-UNNAMED --add-opens=java.base/java.lang=ALL-UNNAMED --add-opens=java.base/java.lang.invoke=ALL-UNNAMED --add-opens=java.base/java.util=ALL-UNNAMED --add-opens=java.prefs/java.util.prefs=ALL-UNNAMED --add-opens=java.prefs/java.util.prefs=ALL-UNNAMED --add-opens=java.base/java.nio.charset=ALL-UNNAMED --add-opens=java.base/java.net=ALL-UNNAMED --add-opens=java.base/java.util.concurrent.atomic=ALL-UNNAMED -Xmx2048m -Dfile.encoding=UTF-8 -Duser.country=MY -Duser.language=en -Duser.variant org.gradle.launcher.daemon.bootstrap.GradleDaemon 7.3.3

Host: Intel(R) Core(TM) i3-10100 CPU @ 3.60GHz, 8 cores, 19G,  Windows 10 , 64 bit Build 19041 (10.0.19041.2251)
Time: Tue Jan 17 00:28:29 2023 India Standard Time elapsed time: 47.199290 seconds (0d 0h 0m 47s)

---------------  T H R E A D  ---------------

Current thread (0x00000264e24ee000):  JavaThread "C2 CompilerThread0" daemon [_thread_in_native, id=19760, stack(0x000000ef3b500000,0x000000ef3b600000)]


Current CompileTask:
C2:  47199 2036       4       java.io.DataInputStream::readUTF (501 bytes)

Stack: [0x000000ef3b500000,0x000000ef3b600000]
Native frames: (J=compiled Java code, j=interpreted, Vv=VM code, C=native code)
V  [jvm.dll+0x5fbcea]
V  [jvm.dll+0x731905]
V  [jvm.dll+0x732f1d]
V  [jvm.dll+0x7335d3]
V  [jvm.dll+0x247bf8]
V  [jvm.dll+0xc018c]
V  [jvm.dll+0xc06cc]
V  [jvm.dll+0x35b2db]
V  [jvm.dll+0x328803]
V  [jvm.dll+0x327cfa]
V  [jvm.dll+0x200602]
V  [jvm.dll+0x1ff794]
V  [jvm.dll+0x18868c]
V  [jvm.dll+0x20e0d7]
V  [jvm.dll+0x20c901]
V  [jvm.dll+0x6f9b7f]
V  [jvm.dll+0x6f26a5]
V  [jvm.dll+0x5fabf6]
C  [ucrtbase.dll+0x21bb2]
C  [KERNEL32.DLL+0x174b4]
C  [ntdll.dll+0x526a1]


---------------  P R O C E S S  ---------------

Threads class SMR info:
_java_thread_list=0x00000264e3332cb0, length=23, elements={
0x00000264c775e000, 0x00000264e1c14000, 0x00000264e1c0a800, 0x00000264e24e4800,
0x00000264e24e7800, 0x00000264e24e9800, 0x00000264e24ee000, 0x00000264e24f2000,
0x00000264e24fd800, 0x00000264e266e800, 0x00000264e266f800, 0x00000264e2670000,
0x00000264e2671000, 0x00000264e2671800, 0x00000264e266c000, 0x00000264e2672800,
0x00000264e266d800, 0x00000264e266d000, 0x00000264e4c20000, 0x00000264e4c21000,
0x00000264e4c21800, 0x00000264e4c1f800, 0x00000264e4c28000
}

Java Threads: ( => current thread )
  0x00000264c775e000 JavaThread "main" [_thread_blocked, id=3992, stack(0x000000ef3a900000,0x000000ef3aa00000)]
  0x00000264e1c14000 JavaThread "Reference Handler" daemon [_thread_blocked, id=18864, stack(0x000000ef3b000000,0x000000ef3b100000)]
  0x00000264e1c0a800 JavaThread "Finalizer" daemon [_thread_blocked, id=17940, stack(0x000000ef3b100000,0x000000ef3b200000)]
  0x00000264e24e4800 JavaThread "Signal Dispatcher" daemon [_thread_blocked, id=16272, stack(0x000000ef3b200000,0x000000ef3b300000)]
  0x00000264e24e7800 JavaThread "Attach Listener" daemon [_thread_blocked, id=18228, stack(0x000000ef3b300000,0x000000ef3b400000)]
  0x00000264e24e9800 JavaThread "Service Thread" daemon [_thread_blocked, id=19776, stack(0x000000ef3b400000,0x000000ef3b500000)]
=>0x00000264e24ee000 JavaThread "C2 CompilerThread0" daemon [_thread_in_native, id=19760, stack(0x000000ef3b500000,0x000000ef3b600000)]
  0x00000264e24f2000 JavaThread "C1 CompilerThread0" daemon [_thread_blocked, id=19476, stack(0x000000ef3b600000,0x000000ef3b700000)]
  0x00000264e24fd800 JavaThread "Sweeper thread" daemon [_thread_blocked, id=16736, stack(0x000000ef3b700000,0x000000ef3b800000)]
  0x00000264e266e800 JavaThread "Common-Cleaner" daemon [_thread_blocked, id=15192, stack(0x000000ef3b800000,0x000000ef3b900000)]
  0x00000264e266f800 JavaThread "Daemon health stats" [_thread_blocked, id=17856, stack(0x000000ef3c100000,0x000000ef3c200000)]
  0x00000264e2670000 JavaThread "Incoming local TCP Connector on port 58261" [_thread_in_native, id=20360, stack(0x000000ef3c000000,0x000000ef3c100000)]
  0x00000264e2671000 JavaThread "Daemon periodic checks" [_thread_blocked, id=19616, stack(0x000000ef3c200000,0x000000ef3c300000)]
  0x00000264e2671800 JavaThread "Daemon" [_thread_blocked, id=10380, stack(0x000000ef3c300000,0x000000ef3c400000)]
  0x00000264e266c000 JavaThread "Handler for socket connection from /127.0.0.1:58261 to /127.0.0.1:58262" [_thread_in_native, id=8668, stack(0x000000ef3c400000,0x000000ef3c500000)]
  0x00000264e2672800 JavaThread "Cancel handler" [_thread_blocked, id=19432, stack(0x000000ef3c500000,0x000000ef3c600000)]
  0x00000264e266d800 JavaThread "Daemon worker" [_thread_in_native, id=19232, stack(0x000000ef3c600000,0x000000ef3c700000)]
  0x00000264e266d000 JavaThread "Asynchronous log dispatcher for DefaultDaemonConnection: socket connection from /127.0.0.1:58261 to /127.0.0.1:58262" [_thread_blocked, id=17344, stack(0x000000ef3c700000,0x000000ef3c800000)]
  0x00000264e4c20000 JavaThread "Stdin handler" [_thread_blocked, id=2808, stack(0x000000ef3c800000,0x000000ef3c900000)]
  0x00000264e4c21000 JavaThread "Daemon client event forwarder" [_thread_blocked, id=19804, stack(0x000000ef3c900000,0x000000ef3ca00000)]
  0x00000264e4c21800 JavaThread "Cache worker for journal cache (C:\Users\Baskaran\AndroidStudioProjects\VideoMergeDemo3\bin\caches\journal-1)" [_thread_blocked, id=16976, stack(0x000000ef3ca00000,0x000000ef3cb00000)]
  0x00000264e4c1f800 JavaThread "File lock request listener" [_thread_in_native, id=10772, stack(0x000000ef3cb00000,0x000000ef3cc00000)]
  0x00000264e4c28000 JavaThread "Cache worker for file hash cache (C:\Users\Baskaran\AndroidStudioProjects\VideoMergeDemo3\bin\caches\7.3.3\fileHashes)" [_thread_blocked, id=7668, stack(0x000000ef3cc00000,0x000000ef3cd00000)]

Other Threads:
  0x00000264e1c01000 VMThread "VM Thread" [stack: 0x000000ef3af00000,0x000000ef3b000000] [id=7596]
  0x00000264e269c800 WatcherThread [stack: 0x000000ef3b900000,0x000000ef3ba00000] [id=17964]
  0x00000264c7776000 GCTaskThread "GC Thread#0" [stack: 0x000000ef3aa00000,0x000000ef3ab00000] [id=14564]
  0x00000264e2fb8000 GCTaskThread "GC Thread#1" [stack: 0x000000ef3ba00000,0x000000ef3bb00000] [id=11456]
  0x00000264e3585000 GCTaskThread "GC Thread#2" [stack: 0x000000ef3bb00000,0x000000ef3bc00000] [id=8984]
  0x00000264e34cb800 GCTaskThread "GC Thread#3" [stack: 0x000000ef3bc00000,0x000000ef3bd00000] [id=12960]
  0x00000264e34cc000 GCTaskThread "GC Thread#4" [stack: 0x000000ef3bd00000,0x000000ef3be00000] [id=19888]
  0x00000264e25ce800 GCTaskThread "GC Thread#5" [stack: 0x000000ef3be00000,0x000000ef3bf00000] [id=16116]
  0x00000264e25cf000 GCTaskThread "GC Thread#6" [stack: 0x000000ef3bf00000,0x000000ef3c000000] [id=1432]
  0x00000264e3fa9800 GCTaskThread "GC Thread#7" [stack: 0x000000ef3cd00000,0x000000ef3ce00000] [id=11492]
  0x00000264c77aa800 ConcurrentGCThread "G1 Main Marker" [stack: 0x000000ef3ab00000,0x000000ef3ac00000] [id=20028]
  0x00000264c77ab800 ConcurrentGCThread "G1 Conc#0" [stack: 0x000000ef3ac00000,0x000000ef3ad00000] [id=15356]
  0x00000264e27e4800 ConcurrentGCThread "G1 Conc#1" [stack: 0x000000ef3ce00000,0x000000ef3cf00000] [id=6672]
  0x00000264e1ad2800 ConcurrentGCThread "G1 Refine#0" [stack: 0x000000ef3ad00000,0x000000ef3ae00000] [id=20132]
  0x00000264e1ad3000 ConcurrentGCThread "G1 Young RemSet Sampling" [stack: 0x000000ef3ae00000,0x000000ef3af00000] [id=6064]

Threads with active compile tasks:
C2 CompilerThread0  47490 2036       4       java.io.DataInputStream::readUTF (501 bytes)

VM state:not at safepoint (normal execution)

VM Mutex/Monitor currently owned by a thread: None

Heap address: 0x0000000080000000, size: 2048 MB, Compressed Oops mode: 32-bit
Narrow klass base: 0x0000000000000000, Narrow klass shift: 3
Compressed class space size: 1073741824 Address: 0x0000000100000000

Heap:
 garbage-first heap   total 325632K, used 37311K [0x0000000080000000, 0x0000000100000000)
  region size 1024K, 32 young (32768K), 11 survivors (11264K)
 Metaspace       used 22901K, capacity 23401K, committed 23552K, reserved 1069056K
  class space    used 2892K, capacity 3066K, committed 3072K, reserved 1048576K
Heap Regions: E=young(eden), S=young(survivor), O=old, HS=humongous(starts), HC=humongous(continues), CS=collection set, F=free, A=archive, TAMS=top-at-mark-start (previous, next)
|   0|0x0000000080000000, 0x0000000080000000, 0x0000000080100000|  0%| F|  |TAMS 0x0000000080000000, 0x0000000080000000| Untracked 
|   1|0x0000000080100000, 0x0000000080100000, 0x0000000080200000|  0%| F|  |TAMS 0x0000000080100000, 0x0000000080100000| Untracked 
|   2|0x0000000080200000, 0x0000000080200000, 0x0000000080300000|  0%| F|  |TAMS 0x0000000080200000, 0x0000000080200000| Untracked 
|   3|0x0000000080300000, 0x0000000080400000, 0x0000000080400000|100%|HS|  |TAMS 0x0000000080400000, 0x0000000080300000| Complete 
|   4|0x0000000080400000, 0x0000000080500000, 0x0000000080500000|100%|HC|  |TAMS 0x0000000080500000, 0x0000000080400000| Complete 
|   5|0x0000000080500000, 0x0000000080600000, 0x0000000080600000|100%|HC|  |TAMS 0x0000000080600000, 0x0000000080500000| Complete 
|   6|0x0000000080600000, 0x0000000080700000, 0x0000000080700000|100%| O|  |TAMS 0x0000000080700000, 0x0000000080600000| Untracked 
|   7|0x0000000080700000, 0x0000000080800000, 0x0000000080800000|100%| O|  |TAMS 0x0000000080800000, 0x0000000080700000| Untracked 
|   8|0x0000000080800000, 0x0000000080900000, 0x0000000080900000|100%| O|  |TAMS 0x0000000080900000, 0x0000000080800000| Untracked 
|   9|0x0000000080900000, 0x000000008090cc00, 0x0000000080a00000|  4%| O|  |TAMS 0x000000008090cc00, 0x0000000080900000| Untracked 
|  10|0x0000000080a00000, 0x0000000080a00000, 0x0000000080b00000|  0%| F|  |TAMS 0x0000000080a00000, 0x0000000080a00000| Untracked 
|  11|0x0000000080b00000, 0x0000000080b00000, 0x0000000080c00000|  0%| F|  |TAMS 0x0000000080b00000, 0x0000000080b00000| Untracked 
|  12|0x0000000080c00000, 0x0000000080c00000, 0x0000000080d00000|  0%| F|  |TAMS 0x0000000080c00000, 0x0000000080c00000| Untracked 
|  13|0x0000000080d00000, 0x0000000080d00000, 0x0000000080e00000|  0%| F|  |TAMS 0x0000000080d00000, 0x0000000080d00000| Untracked 
|  14|0x0000000080e00000, 0x0000000080e00000, 0x0000000080f00000|  0%| F|  |TAMS 0x0000000080e00000, 0x0000000080e00000| Untracked 
|  15|0x0000000080f00000, 0x0000000080f00000, 0x0000000081000000|  0%| F|  |TAMS 0x0000000080f00000, 0x0000000080f00000| Untracked 
|  16|0x0000000081000000, 0x0000000081000000, 0x0000000081100000|  0%| F|  |TAMS 0x0000000081000000, 0x0000000081000000| Untracked 
|  17|0x0000000081100000, 0x0000000081100000, 0x0000000081200000|  0%| F|  |TAMS 0x0000000081100000, 0x0000000081100000| Untracked 
|  18|0x0000000081200000, 0x0000000081200000, 0x0000000081300000|  0%| F|  |TAMS 0x0000000081200000, 0x0000000081200000| Untracked 
|  19|0x0000000081300000, 0x0000000081300000, 0x0000000081400000|  0%| F|  |TAMS 0x0000000081300000, 0x0000000081300000| Untracked 
|  20|0x0000000081400000, 0x0000000081400000, 0x0000000081500000|  0%| F|  |TAMS 0x0000000081400000, 0x0000000081400000| Untracked 
|  21|0x0000000081500000, 0x0000000081500000, 0x0000000081600000|  0%| F|  |TAMS 0x0000000081500000, 0x0000000081500000| Untracked 
|  22|0x0000000081600000, 0x0000000081600000, 0x0000000081700000|  0%| F|  |TAMS 0x0000000081600000, 0x0000000081600000| Untracked 
|  23|0x0000000081700000, 0x0000000081700000, 0x0000000081800000|  0%| F|  |TAMS 0x0000000081700000, 0x0000000081700000| Untracked 
|  24|0x0000000081800000, 0x0000000081800000, 0x0000000081900000|  0%| F|  |TAMS 0x0000000081800000, 0x0000000081800000| Untracked 
|  25|0x0000000081900000, 0x0000000081900000, 0x0000000081a00000|  0%| F|  |TAMS 0x0000000081900000, 0x0000000081900000| Untracked 
|  26|0x0000000081a00000, 0x0000000081a00000, 0x0000000081b00000|  0%| F|  |TAMS 0x0000000081a00000, 0x0000000081a00000| Untracked 
|  27|0x0000000081b00000, 0x0000000081b00000, 0x0000000081c00000|  0%| F|  |TAMS 0x0000000081b00000, 0x0000000081b00000| Untracked 
|  28|0x0000000081c00000, 0x0000000081c00000, 0x0000000081d00000|  0%| F|  |TAMS 0x0000000081c00000, 0x0000000081c00000| Untracked 
|  29|0x0000000081d00000, 0x0000000081d00000, 0x0000000081e00000|  0%| F|  |TAMS 0x0000000081d00000, 0x0000000081d00000| Untracked 
|  30|0x0000000081e00000, 0x0000000081e00000, 0x0000000081f00000|  0%| F|  |TAMS 0x0000000081e00000, 0x0000000081e00000| Untracked 
|  31|0x0000000081f00000, 0x0000000081f00000, 0x0000000082000000|  0%| F|  |TAMS 0x0000000081f00000, 0x0000000081f00000| Untracked 
|  32|0x0000000082000000, 0x0000000082000000, 0x0000000082100000|  0%| F|  |TAMS 0x0000000082000000, 0x0000000082000000| Untracked 
|  33|0x0000000082100000, 0x0000000082100000, 0x0000000082200000|  0%| F|  |TAMS 0x0000000082100000, 0x0000000082100000| Untracked 
|  34|0x0000000082200000, 0x0000000082200000, 0x0000000082300000|  0%| F|  |TAMS 0x0000000082200000, 0x0000000082200000| Untracked 
|  35|0x0000000082300000, 0x0000000082300000, 0x0000000082400000|  0%| F|  |TAMS 0x0000000082300000, 0x0000000082300000| Untracked 
|  36|0x0000000082400000, 0x0000000082400000, 0x0000000082500000|  0%| F|  |TAMS 0x0000000082400000, 0x0000000082400000| Untracked 
|  37|0x0000000082500000, 0x0000000082500000, 0x0000000082600000|  0%| F|  |TAMS 0x0000000082500000, 0x0000000082500000| Untracked 
|  38|0x0000000082600000, 0x0000000082600000, 0x0000000082700000|  0%| F|  |TAMS 0x0000000082600000, 0x0000000082600000| Untracked 
|  39|0x0000000082700000, 0x0000000082700000, 0x0000000082800000|  0%| F|  |TAMS 0x0000000082700000, 0x0000000082700000| Untracked 
|  40|0x0000000082800000, 0x0000000082800000, 0x0000000082900000|  0%| F|  |TAMS 0x0000000082800000, 0x0000000082800000| Untracked 
|  41|0x0000000082900000, 0x0000000082900000, 0x0000000082a00000|  0%| F|  |TAMS 0x0000000082900000, 0x0000000082900000| Untracked 
|  42|0x0000000082a00000, 0x0000000082a00000, 0x0000000082b00000|  0%| F|  |TAMS 0x0000000082a00000, 0x0000000082a00000| Untracked 
|  43|0x0000000082b00000, 0x0000000082b00000, 0x0000000082c00000|  0%| F|  |TAMS 0x0000000082b00000, 0x0000000082b00000| Untracked 
|  44|0x0000000082c00000, 0x0000000082c00000, 0x0000000082d00000|  0%| F|  |TAMS 0x0000000082c00000, 0x0000000082c00000| Untracked 
|  45|0x0000000082d00000, 0x0000000082d00000, 0x0000000082e00000|  0%| F|  |TAMS 0x0000000082d00000, 0x0000000082d00000| Untracked 
|  46|0x0000000082e00000, 0x0000000082e00000, 0x0000000082f00000|  0%| F|  |TAMS 0x0000000082e00000, 0x0000000082e00000| Untracked 
|  47|0x0000000082f00000, 0x0000000082f00000, 0x0000000083000000|  0%| F|  |TAMS 0x0000000082f00000, 0x0000000082f00000| Untracked 
|  48|0x0000000083000000, 0x0000000083000000, 0x0000000083100000|  0%| F|  |TAMS 0x0000000083000000, 0x0000000083000000| Untracked 
|  49|0x0000000083100000, 0x0000000083100000, 0x0000000083200000|  0%| F|  |TAMS 0x0000000083100000, 0x0000000083100000| Untracked 
|  50|0x0000000083200000, 0x0000000083200000, 0x0000000083300000|  0%| F|  |TAMS 0x0000000083200000, 0x0000000083200000| Untracked 
|  51|0x0000000083300000, 0x0000000083300000, 0x0000000083400000|  0%| F|  |TAMS 0x0000000083300000, 0x0000000083300000| Untracked 
|  52|0x0000000083400000, 0x0000000083400000, 0x0000000083500000|  0%| F|  |TAMS 0x0000000083400000, 0x0000000083400000| Untracked 
|  53|0x0000000083500000, 0x0000000083500000, 0x0000000083600000|  0%| F|  |TAMS 0x0000000083500000, 0x0000000083500000| Untracked 
|  54|0x0000000083600000, 0x0000000083600000, 0x0000000083700000|  0%| F|  |TAMS 0x0000000083600000, 0x0000000083600000| Untracked 
|  55|0x0000000083700000, 0x0000000083700000, 0x0000000083800000|  0%| F|  |TAMS 0x0000000083700000, 0x0000000083700000| Untracked 
|  56|0x0000000083800000, 0x0000000083800000, 0x0000000083900000|  0%| F|  |TAMS 0x0000000083800000, 0x0000000083800000| Untracked 
|  57|0x0000000083900000, 0x0000000083900000, 0x0000000083a00000|  0%| F|  |TAMS 0x0000000083900000, 0x0000000083900000| Untracked 
|  58|0x0000000083a00000, 0x0000000083a00000, 0x0000000083b00000|  0%| F|  |TAMS 0x0000000083a00000, 0x0000000083a00000| Untracked 
|  59|0x0000000083b00000, 0x0000000083b00000, 0x0000000083c00000|  0%| F|  |TAMS 0x0000000083b00000, 0x0000000083b00000| Untracked 
|  60|0x0000000083c00000, 0x0000000083c00000, 0x0000000083d00000|  0%| F|  |TAMS 0x0000000083c00000, 0x0000000083c00000| Untracked 
|  61|0x0000000083d00000, 0x0000000083d00000, 0x0000000083e00000|  0%| F|  |TAMS 0x0000000083d00000, 0x0000000083d00000| Untracked 
|  62|0x0000000083e00000, 0x0000000083e00000, 0x0000000083f00000|  0%| F|  |TAMS 0x0000000083e00000, 0x0000000083e00000| Untracked 
|  63|0x0000000083f00000, 0x0000000083f00000, 0x0000000084000000|  0%| F|  |TAMS 0x0000000083f00000, 0x0000000083f00000| Untracked 
|  64|0x0000000084000000, 0x0000000084000000, 0x0000000084100000|  0%| F|  |TAMS 0x0000000084000000, 0x0000000084000000| Untracked 
|  65|0x0000000084100000, 0x0000000084100000, 0x0000000084200000|  0%| F|  |TAMS 0x0000000084100000, 0x0000000084100000| Untracked 
|  66|0x0000000084200000, 0x0000000084200000, 0x0000000084300000|  0%| F|  |TAMS 0x0000000084200000, 0x0000000084200000| Untracked 
|  67|0x0000000084300000, 0x0000000084300000, 0x0000000084400000|  0%| F|  |TAMS 0x0000000084300000, 0x0000000084300000| Untracked 
|  68|0x0000000084400000, 0x0000000084400000, 0x0000000084500000|  0%| F|  |TAMS 0x0000000084400000, 0x0000000084400000| Untracked 
|  69|0x0000000084500000, 0x0000000084500000, 0x0000000084600000|  0%| F|  |TAMS 0x0000000084500000, 0x0000000084500000| Untracked 
|  70|0x0000000084600000, 0x0000000084600000, 0x0000000084700000|  0%| F|  |TAMS 0x0000000084600000, 0x0000000084600000| Untracked 
|  71|0x0000000084700000, 0x0000000084700000, 0x0000000084800000|  0%| F|  |TAMS 0x0000000084700000, 0x0000000084700000| Untracked 
|  72|0x0000000084800000, 0x0000000084800000, 0x0000000084900000|  0%| F|  |TAMS 0x0000000084800000, 0x0000000084800000| Untracked 
|  73|0x0000000084900000, 0x0000000084900000, 0x0000000084a00000|  0%| F|  |TAMS 0x0000000084900000, 0x0000000084900000| Untracked 
|  74|0x0000000084a00000, 0x0000000084a00000, 0x0000000084b00000|  0%| F|  |TAMS 0x0000000084a00000, 0x0000000084a00000| Untracked 
|  75|0x0000000084b00000, 0x0000000084b00000, 0x0000000084c00000|  0%| F|  |TAMS 0x0000000084b00000, 0x0000000084b00000| Untracked 
|  76|0x0000000084c00000, 0x0000000084c00000, 0x0000000084d00000|  0%| F|  |TAMS 0x0000000084c00000, 0x0000000084c00000| Untracked 
|  77|0x0000000084d00000, 0x0000000084d00000, 0x0000000084e00000|  0%| F|  |TAMS 0x0000000084d00000, 0x0000000084d00000| Untracked 
|  78|0x0000000084e00000, 0x0000000084e00000, 0x0000000084f00000|  0%| F|  |TAMS 0x0000000084e00000, 0x0000000084e00000| Untracked 
|  79|0x0000000084f00000, 0x0000000084f00000, 0x0000000085000000|  0%| F|  |TAMS 0x0000000084f00000, 0x0000000084f00000| Untracked 
|  80|0x0000000085000000, 0x0000000085000000, 0x0000000085100000|  0%| F|  |TAMS 0x0000000085000000, 0x0000000085000000| Untracked 
|  81|0x0000000085100000, 0x0000000085100000, 0x0000000085200000|  0%| F|  |TAMS 0x0000000085100000, 0x0000000085100000| Untracked 
|  82|0x0000000085200000, 0x0000000085200000, 0x0000000085300000|  0%| F|  |TAMS 0x0000000085200000, 0x0000000085200000| Untracked 
|  83|0x0000000085300000, 0x0000000085300000, 0x0000000085400000|  0%| F|  |TAMS 0x0000000085300000, 0x0000000085300000| Untracked 
|  84|0x0000000085400000, 0x0000000085400000, 0x0000000085500000|  0%| F|  |TAMS 0x0000000085400000, 0x0000000085400000| Untracked 
|  85|0x0000000085500000, 0x0000000085500000, 0x0000000085600000|  0%| F|  |TAMS 0x0000000085500000, 0x0000000085500000| Untracked 
|  86|0x0000000085600000, 0x0000000085600000, 0x0000000085700000|  0%| F|  |TAMS 0x0000000085600000, 0x0000000085600000| Untracked 
|  87|0x0000000085700000, 0x0000000085700000, 0x0000000085800000|  0%| F|  |TAMS 0x0000000085700000, 0x0000000085700000| Untracked 
|  88|0x0000000085800000, 0x0000000085800000, 0x0000000085900000|  0%| F|  |TAMS 0x0000000085800000, 0x0000000085800000| Untracked 
|  89|0x0000000085900000, 0x0000000085900000, 0x0000000085a00000|  0%| F|  |TAMS 0x0000000085900000, 0x0000000085900000| Untracked 
|  90|0x0000000085a00000, 0x0000000085a00000, 0x0000000085b00000|  0%| F|  |TAMS 0x0000000085a00000, 0x0000000085a00000| Untracked 
|  91|0x0000000085b00000, 0x0000000085b00000, 0x0000000085c00000|  0%| F|  |TAMS 0x0000000085b00000, 0x0000000085b00000| Untracked 
|  92|0x0000000085c00000, 0x0000000085c00000, 0x0000000085d00000|  0%| F|  |TAMS 0x0000000085c00000, 0x0000000085c00000| Untracked 
|  93|0x0000000085d00000, 0x0000000085d00000, 0x0000000085e00000|  0%| F|  |TAMS 0x0000000085d00000, 0x0000000085d00000| Untracked 
|  94|0x0000000085e00000, 0x0000000085e00000, 0x0000000085f00000|  0%| F|  |TAMS 0x0000000085e00000, 0x0000000085e00000| Untracked 
|  95|0x0000000085f00000, 0x0000000085f00000, 0x0000000086000000|  0%| F|  |TAMS 0x0000000085f00000, 0x0000000085f00000| Untracked 
|  96|0x0000000086000000, 0x0000000086000000, 0x0000000086100000|  0%| F|  |TAMS 0x0000000086000000, 0x0000000086000000| Untracked 
|  97|0x0000000086100000, 0x0000000086100000, 0x0000000086200000|  0%| F|  |TAMS 0x0000000086100000, 0x0000000086100000| Untracked 
|  98|0x0000000086200000, 0x0000000086200000, 0x0000000086300000|  0%| F|  |TAMS 0x0000000086200000, 0x0000000086200000| Untracked 
|  99|0x0000000086300000, 0x0000000086300000, 0x0000000086400000|  0%| F|  |TAMS 0x0000000086300000, 0x0000000086300000| Untracked 
| 100|0x0000000086400000, 0x0000000086400000, 0x0000000086500000|  0%| F|  |TAMS 0x0000000086400000, 0x0000000086400000| Untracked 
| 101|0x0000000086500000, 0x0000000086500000, 0x0000000086600000|  0%| F|  |TAMS 0x0000000086500000, 0x0000000086500000| Untracked 
| 102|0x0000000086600000, 0x0000000086600000, 0x0000000086700000|  0%| F|  |TAMS 0x0000000086600000, 0x0000000086600000| Untracked 
| 103|0x0000000086700000, 0x0000000086700000, 0x0000000086800000|  0%| F|  |TAMS 0x0000000086700000, 0x0000000086700000| Untracked 
| 104|0x0000000086800000, 0x0000000086800000, 0x0000000086900000|  0%| F|  |TAMS 0x0000000086800000, 0x0000000086800000| Untracked 
| 105|0x0000000086900000, 0x0000000086900000, 0x0000000086a00000|  0%| F|  |TAMS 0x0000000086900000, 0x0000000086900000| Untracked 
| 106|0x0000000086a00000, 0x0000000086a00000, 0x0000000086b00000|  0%| F|  |TAMS 0x0000000086a00000, 0x0000000086a00000| Untracked 
| 107|0x0000000086b00000, 0x0000000086b00000, 0x0000000086c00000|  0%| F|  |TAMS 0x0000000086b00000, 0x0000000086b00000| Untracked 
| 108|0x0000000086c00000, 0x0000000086c00000, 0x0000000086d00000|  0%| F|  |TAMS 0x0000000086c00000, 0x0000000086c00000| Untracked 
| 109|0x0000000086d00000, 0x0000000086d00000, 0x0000000086e00000|  0%| F|  |TAMS 0x0000000086d00000, 0x0000000086d00000| Untracked 
| 110|0x0000000086e00000, 0x0000000086e00000, 0x0000000086f00000|  0%| F|  |TAMS 0x0000000086e00000, 0x0000000086e00000| Untracked 
| 111|0x0000000086f00000, 0x0000000086f00000, 0x0000000087000000|  0%| F|  |TAMS 0x0000000086f00000, 0x0000000086f00000| Untracked 
| 112|0x0000000087000000, 0x0000000087000000, 0x0000000087100000|  0%| F|  |TAMS 0x0000000087000000, 0x0000000087000000| Untracked 
| 113|0x0000000087100000, 0x0000000087100000, 0x0000000087200000|  0%| F|  |TAMS 0x0000000087100000, 0x0000000087100000| Untracked 
| 114|0x0000000087200000, 0x0000000087200000, 0x0000000087300000|  0%| F|  |TAMS 0x0000000087200000, 0x0000000087200000| Untracked 
| 115|0x0000000087300000, 0x0000000087300000, 0x0000000087400000|  0%| F|  |TAMS 0x0000000087300000, 0x0000000087300000| Untracked 
| 116|0x0000000087400000, 0x0000000087400000, 0x0000000087500000|  0%| F|  |TAMS 0x0000000087400000, 0x0000000087400000| Untracked 
| 117|0x0000000087500000, 0x0000000087500000, 0x0000000087600000|  0%| F|  |TAMS 0x0000000087500000, 0x0000000087500000| Untracked 
| 118|0x0000000087600000, 0x0000000087600000, 0x0000000087700000|  0%| F|  |TAMS 0x0000000087600000, 0x0000000087600000| Untracked 
| 119|0x0000000087700000, 0x0000000087700000, 0x0000000087800000|  0%| F|  |TAMS 0x0000000087700000, 0x0000000087700000| Untracked 
| 120|0x0000000087800000, 0x0000000087800000, 0x0000000087900000|  0%| F|  |TAMS 0x0000000087800000, 0x0000000087800000| Untracked 
| 121|0x0000000087900000, 0x0000000087900000, 0x0000000087a00000|  0%| F|  |TAMS 0x0000000087900000, 0x0000000087900000| Untracked 
| 122|0x0000000087a00000, 0x0000000087a00000, 0x0000000087b00000|  0%| F|  |TAMS 0x0000000087a00000, 0x0000000087a00000| Untracked 
| 123|0x0000000087b00000, 0x0000000087b00000, 0x0000000087c00000|  0%| F|  |TAMS 0x0000000087b00000, 0x0000000087b00000| Untracked 
| 124|0x0000000087c00000, 0x0000000087c00000, 0x0000000087d00000|  0%| F|  |TAMS 0x0000000087c00000, 0x0000000087c00000| Untracked 
| 125|0x0000000087d00000, 0x0000000087d00000, 0x0000000087e00000|  0%| F|  |TAMS 0x0000000087d00000, 0x0000000087d00000| Untracked 
| 126|0x0000000087e00000, 0x0000000087e00000, 0x0000000087f00000|  0%| F|  |TAMS 0x0000000087e00000, 0x0000000087e00000| Untracked 
| 127|0x0000000087f00000, 0x0000000087f00000, 0x0000000088000000|  0%| F|  |TAMS 0x0000000087f00000, 0x0000000087f00000| Untracked 
| 128|0x0000000088000000, 0x0000000088000000, 0x0000000088100000|  0%| F|  |TAMS 0x0000000088000000, 0x0000000088000000| Untracked 
| 129|0x0000000088100000, 0x0000000088100000, 0x0000000088200000|  0%| F|  |TAMS 0x0000000088100000, 0x0000000088100000| Untracked 
| 130|0x0000000088200000, 0x0000000088200000, 0x0000000088300000|  0%| F|  |TAMS 0x0000000088200000, 0x0000000088200000| Untracked 
| 131|0x0000000088300000, 0x0000000088300000, 0x0000000088400000|  0%| F|  |TAMS 0x0000000088300000, 0x0000000088300000| Untracked 
| 132|0x0000000088400000, 0x0000000088400000, 0x0000000088500000|  0%| F|  |TAMS 0x0000000088400000, 0x0000000088400000| Untracked 
| 133|0x0000000088500000, 0x0000000088500000, 0x0000000088600000|  0%| F|  |TAMS 0x0000000088500000, 0x0000000088500000| Untracked 
| 134|0x0000000088600000, 0x0000000088600000, 0x0000000088700000|  0%| F|  |TAMS 0x0000000088600000, 0x0000000088600000| Untracked 
| 135|0x0000000088700000, 0x0000000088700000, 0x0000000088800000|  0%| F|  |TAMS 0x0000000088700000, 0x0000000088700000| Untracked 
| 136|0x0000000088800000, 0x0000000088800000, 0x0000000088900000|  0%| F|  |TAMS 0x0000000088800000, 0x0000000088800000| Untracked 
| 137|0x0000000088900000, 0x0000000088900000, 0x0000000088a00000|  0%| F|  |TAMS 0x0000000088900000, 0x0000000088900000| Untracked 
| 138|0x0000000088a00000, 0x0000000088a00000, 0x0000000088b00000|  0%| F|  |TAMS 0x0000000088a00000, 0x0000000088a00000| Untracked 
| 139|0x0000000088b00000, 0x0000000088b00000, 0x0000000088c00000|  0%| F|  |TAMS 0x0000000088b00000, 0x0000000088b00000| Untracked 
| 140|0x0000000088c00000, 0x0000000088c00000, 0x0000000088d00000|  0%| F|  |TAMS 0x0000000088c00000, 0x0000000088c00000| Untracked 
| 141|0x0000000088d00000, 0x0000000088d00000, 0x0000000088e00000|  0%| F|  |TAMS 0x0000000088d00000, 0x0000000088d00000| Untracked 
| 142|0x0000000088e00000, 0x0000000088e00000, 0x0000000088f00000|  0%| F|  |TAMS 0x0000000088e00000, 0x0000000088e00000| Untracked 
| 143|0x0000000088f00000, 0x0000000088f00000, 0x0000000089000000|  0%| F|  |TAMS 0x0000000088f00000, 0x0000000088f00000| Untracked 
| 144|0x0000000089000000, 0x0000000089000000, 0x0000000089100000|  0%| F|  |TAMS 0x0000000089000000, 0x0000000089000000| Untracked 
| 145|0x0000000089100000, 0x0000000089100000, 0x0000000089200000|  0%| F|  |TAMS 0x0000000089100000, 0x0000000089100000| Untracked 
| 146|0x0000000089200000, 0x0000000089200000, 0x0000000089300000|  0%| F|  |TAMS 0x0000000089200000, 0x0000000089200000| Untracked 
| 147|0x0000000089300000, 0x0000000089300000, 0x0000000089400000|  0%| F|  |TAMS 0x0000000089300000, 0x0000000089300000| Untracked 
| 148|0x0000000089400000, 0x0000000089400000, 0x0000000089500000|  0%| F|  |TAMS 0x0000000089400000, 0x0000000089400000| Untracked 
| 149|0x0000000089500000, 0x0000000089500000, 0x0000000089600000|  0%| F|  |TAMS 0x0000000089500000, 0x0000000089500000| Untracked 
| 150|0x0000000089600000, 0x0000000089600000, 0x0000000089700000|  0%| F|  |TAMS 0x0000000089600000, 0x0000000089600000| Untracked 
| 151|0x0000000089700000, 0x0000000089700000, 0x0000000089800000|  0%| F|  |TAMS 0x0000000089700000, 0x0000000089700000| Untracked 
| 152|0x0000000089800000, 0x0000000089800000, 0x0000000089900000|  0%| F|  |TAMS 0x0000000089800000, 0x0000000089800000| Untracked 
| 153|0x0000000089900000, 0x0000000089900000, 0x0000000089a00000|  0%| F|  |TAMS 0x0000000089900000, 0x0000000089900000| Untracked 
| 154|0x0000000089a00000, 0x0000000089a00000, 0x0000000089b00000|  0%| F|  |TAMS 0x0000000089a00000, 0x0000000089a00000| Untracked 
| 155|0x0000000089b00000, 0x0000000089b00000, 0x0000000089c00000|  0%| F|  |TAMS 0x0000000089b00000, 0x0000000089b00000| Untracked 
| 156|0x0000000089c00000, 0x0000000089c00000, 0x0000000089d00000|  0%| F|  |TAMS 0x0000000089c00000, 0x0000000089c00000| Untracked 
| 157|0x0000000089d00000, 0x0000000089d00000, 0x0000000089e00000|  0%| F|  |TAMS 0x0000000089d00000, 0x0000000089d00000| Untracked 
| 158|0x0000000089e00000, 0x0000000089e00000, 0x0000000089f00000|  0%| F|  |TAMS 0x0000000089e00000, 0x0000000089e00000| Untracked 
| 159|0x0000000089f00000, 0x0000000089f00000, 0x000000008a000000|  0%| F|  |TAMS 0x0000000089f00000, 0x0000000089f00000| Untracked 
| 160|0x000000008a000000, 0x000000008a000000, 0x000000008a100000|  0%| F|  |TAMS 0x000000008a000000, 0x000000008a000000| Untracked 
| 161|0x000000008a100000, 0x000000008a100000, 0x000000008a200000|  0%| F|  |TAMS 0x000000008a100000, 0x000000008a100000| Untracked 
| 162|0x000000008a200000, 0x000000008a200000, 0x000000008a300000|  0%| F|  |TAMS 0x000000008a200000, 0x000000008a200000| Untracked 
| 163|0x000000008a300000, 0x000000008a300000, 0x000000008a400000|  0%| F|  |TAMS 0x000000008a300000, 0x000000008a300000| Untracked 
| 164|0x000000008a400000, 0x000000008a400000, 0x000000008a500000|  0%| F|  |TAMS 0x000000008a400000, 0x000000008a400000| Untracked 
| 165|0x000000008a500000, 0x000000008a500000, 0x000000008a600000|  0%| F|  |TAMS 0x000000008a500000, 0x000000008a500000| Untracked 
| 166|0x000000008a600000, 0x000000008a600000, 0x000000008a700000|  0%| F|  |TAMS 0x000000008a600000, 0x000000008a600000| Untracked 
| 167|0x000000008a700000, 0x000000008a700000, 0x000000008a800000|  0%| F|  |TAMS 0x000000008a700000, 0x000000008a700000| Untracked 
| 168|0x000000008a800000, 0x000000008a800000, 0x000000008a900000|  0%| F|  |TAMS 0x000000008a800000, 0x000000008a800000| Untracked 
| 169|0x000000008a900000, 0x000000008a900000, 0x000000008aa00000|  0%| F|  |TAMS 0x000000008a900000, 0x000000008a900000| Untracked 
| 170|0x000000008aa00000, 0x000000008aa00000, 0x000000008ab00000|  0%| F|  |TAMS 0x000000008aa00000, 0x000000008aa00000| Untracked 
| 171|0x000000008ab00000, 0x000000008ab00000, 0x000000008ac00000|  0%| F|  |TAMS 0x000000008ab00000, 0x000000008ab00000| Untracked 
| 172|0x000000008ac00000, 0x000000008ac00000, 0x000000008ad00000|  0%| F|  |TAMS 0x000000008ac00000, 0x000000008ac00000| Untracked 
| 173|0x000000008ad00000, 0x000000008ad00000, 0x000000008ae00000|  0%| F|  |TAMS 0x000000008ad00000, 0x000000008ad00000| Untracked 
| 174|0x000000008ae00000, 0x000000008ae00000, 0x000000008af00000|  0%| F|  |TAMS 0x000000008ae00000, 0x000000008ae00000| Untracked 
| 175|0x000000008af00000, 0x000000008af00000, 0x000000008b000000|  0%| F|  |TAMS 0x000000008af00000, 0x000000008af00000| Untracked 
| 176|0x000000008b000000, 0x000000008b000000, 0x000000008b100000|  0%| F|  |TAMS 0x000000008b000000, 0x000000008b000000| Untracked 
| 177|0x000000008b100000, 0x000000008b100000, 0x000000008b200000|  0%| F|  |TAMS 0x000000008b100000, 0x000000008b100000| Untracked 
| 178|0x000000008b200000, 0x000000008b200000, 0x000000008b300000|  0%| F|  |TAMS 0x000000008b200000, 0x000000008b200000| Untracked 
| 179|0x000000008b300000, 0x000000008b300000, 0x000000008b400000|  0%| F|  |TAMS 0x000000008b300000, 0x000000008b300000| Untracked 
| 180|0x000000008b400000, 0x000000008b400000, 0x000000008b500000|  0%| F|  |TAMS 0x000000008b400000, 0x000000008b400000| Untracked 
| 181|0x000000008b500000, 0x000000008b500000, 0x000000008b600000|  0%| F|  |TAMS 0x000000008b500000, 0x000000008b500000| Untracked 
| 182|0x000000008b600000, 0x000000008b600000, 0x000000008b700000|  0%| F|  |TAMS 0x000000008b600000, 0x000000008b600000| Untracked 
| 183|0x000000008b700000, 0x000000008b700000, 0x000000008b800000|  0%| F|  |TAMS 0x000000008b700000, 0x000000008b700000| Untracked 
| 184|0x000000008b800000, 0x000000008b800000, 0x000000008b900000|  0%| F|  |TAMS 0x000000008b800000, 0x000000008b800000| Untracked 
| 185|0x000000008b900000, 0x000000008b900000, 0x000000008ba00000|  0%| F|  |TAMS 0x000000008b900000, 0x000000008b900000| Untracked 
| 186|0x000000008ba00000, 0x000000008ba00000, 0x000000008bb00000|  0%| F|  |TAMS 0x000000008ba00000, 0x000000008ba00000| Untracked 
| 187|0x000000008bb00000, 0x000000008bb00000, 0x000000008bc00000|  0%| F|  |TAMS 0x000000008bb00000, 0x000000008bb00000| Untracked 
| 188|0x000000008bc00000, 0x000000008bc00000, 0x000000008bd00000|  0%| F|  |TAMS 0x000000008bc00000, 0x000000008bc00000| Untracked 
| 189|0x000000008bd00000, 0x000000008bd00000, 0x000000008be00000|  0%| F|  |TAMS 0x000000008bd00000, 0x000000008bd00000| Untracked 
| 190|0x000000008be00000, 0x000000008be00000, 0x000000008bf00000|  0%| F|  |TAMS 0x000000008be00000, 0x000000008be00000| Untracked 
| 191|0x000000008bf00000, 0x000000008bf00000, 0x000000008c000000|  0%| F|  |TAMS 0x000000008bf00000, 0x000000008bf00000| Untracked 
| 192|0x000000008c000000, 0x000000008c000000, 0x000000008c100000|  0%| F|  |TAMS 0x000000008c000000, 0x000000008c000000| Untracked 
| 193|0x000000008c100000, 0x000000008c100000, 0x000000008c200000|  0%| F|  |TAMS 0x000000008c100000, 0x000000008c100000| Untracked 
| 194|0x000000008c200000, 0x000000008c200000, 0x000000008c300000|  0%| F|  |TAMS 0x000000008c200000, 0x000000008c200000| Untracked 
| 195|0x000000008c300000, 0x000000008c300000, 0x000000008c400000|  0%| F|  |TAMS 0x000000008c300000, 0x000000008c300000| Untracked 
| 196|0x000000008c400000, 0x000000008c400000, 0x000000008c500000|  0%| F|  |TAMS 0x000000008c400000, 0x000000008c400000| Untracked 
| 197|0x000000008c500000, 0x000000008c500000, 0x000000008c600000|  0%| F|  |TAMS 0x000000008c500000, 0x000000008c500000| Untracked 
| 198|0x000000008c600000, 0x000000008c600000, 0x000000008c700000|  0%| F|  |TAMS 0x000000008c600000, 0x000000008c600000| Untracked 
| 199|0x000000008c700000, 0x000000008c700000, 0x000000008c800000|  0%| F|  |TAMS 0x000000008c700000, 0x000000008c700000| Untracked 
| 200|0x000000008c800000, 0x000000008c863278, 0x000000008c900000| 38%| S|CS|TAMS 0x000000008c800000, 0x000000008c800000| Complete 
| 201|0x000000008c900000, 0x000000008ca00000, 0x000000008ca00000|100%| S|CS|TAMS 0x000000008c900000, 0x000000008c900000| Complete 
| 202|0x000000008ca00000, 0x000000008cb00000, 0x000000008cb00000|100%| S|CS|TAMS 0x000000008ca00000, 0x000000008ca00000| Complete 
| 203|0x000000008cb00000, 0x000000008cc00000, 0x000000008cc00000|100%| S|CS|TAMS 0x000000008cb00000, 0x000000008cb00000| Complete 
| 204|0x000000008cc00000, 0x000000008cd00000, 0x000000008cd00000|100%| S|CS|TAMS 0x000000008cc00000, 0x000000008cc00000| Complete 
| 205|0x000000008cd00000, 0x000000008ce00000, 0x000000008ce00000|100%| S|CS|TAMS 0x000000008cd00000, 0x000000008cd00000| Complete 
| 206|0x000000008ce00000, 0x000000008cf00000, 0x000000008cf00000|100%| S|CS|TAMS 0x000000008ce00000, 0x000000008ce00000| Complete 
| 207|0x000000008cf00000, 0x000000008d000000, 0x000000008d000000|100%| S|CS|TAMS 0x000000008cf00000, 0x000000008cf00000| Complete 
| 208|0x000000008d000000, 0x000000008d100000, 0x000000008d100000|100%| S|CS|TAMS 0x000000008d000000, 0x000000008d000000| Complete 
| 209|0x000000008d100000, 0x000000008d200000, 0x000000008d200000|100%| S|CS|TAMS 0x000000008d100000, 0x000000008d100000| Complete 
| 210|0x000000008d200000, 0x000000008d300000, 0x000000008d300000|100%| S|CS|TAMS 0x000000008d200000, 0x000000008d200000| Complete 
| 211|0x000000008d300000, 0x000000008d300000, 0x000000008d400000|  0%| F|  |TAMS 0x000000008d300000, 0x000000008d300000| Untracked 
| 212|0x000000008d400000, 0x000000008d400000, 0x000000008d500000|  0%| F|  |TAMS 0x000000008d400000, 0x000000008d400000| Untracked 
| 213|0x000000008d500000, 0x000000008d500000, 0x000000008d600000|  0%| F|  |TAMS 0x000000008d500000, 0x000000008d500000| Untracked 
| 214|0x000000008d600000, 0x000000008d600000, 0x000000008d700000|  0%| F|  |TAMS 0x000000008d600000, 0x000000008d600000| Untracked 
| 215|0x000000008d700000, 0x000000008d700000, 0x000000008d800000|  0%| F|  |TAMS 0x000000008d700000, 0x000000008d700000| Untracked 
| 216|0x000000008d800000, 0x000000008d800000, 0x000000008d900000|  0%| F|  |TAMS 0x000000008d800000, 0x000000008d800000| Untracked 
| 217|0x000000008d900000, 0x000000008d900000, 0x000000008da00000|  0%| F|  |TAMS 0x000000008d900000, 0x000000008d900000| Untracked 
| 218|0x000000008da00000, 0x000000008da00000, 0x000000008db00000|  0%| F|  |TAMS 0x000000008da00000, 0x000000008da00000| Untracked 
| 219|0x000000008db00000, 0x000000008db00000, 0x000000008dc00000|  0%| F|  |TAMS 0x000000008db00000, 0x000000008db00000| Untracked 
| 220|0x000000008dc00000, 0x000000008dc00000, 0x000000008dd00000|  0%| F|  |TAMS 0x000000008dc00000, 0x000000008dc00000| Untracked 
| 221|0x000000008dd00000, 0x000000008dd00000, 0x000000008de00000|  0%| F|  |TAMS 0x000000008dd00000, 0x000000008dd00000| Untracked 
| 222|0x000000008de00000, 0x000000008de00000, 0x000000008df00000|  0%| F|  |TAMS 0x000000008de00000, 0x000000008de00000| Untracked 
| 223|0x000000008df00000, 0x000000008df00000, 0x000000008e000000|  0%| F|  |TAMS 0x000000008df00000, 0x000000008df00000| Untracked 
| 224|0x000000008e000000, 0x000000008e000000, 0x000000008e100000|  0%| F|  |TAMS 0x000000008e000000, 0x000000008e000000| Untracked 
| 225|0x000000008e100000, 0x000000008e100000, 0x000000008e200000|  0%| F|  |TAMS 0x000000008e100000, 0x000000008e100000| Untracked 
| 226|0x000000008e200000, 0x000000008e200000, 0x000000008e300000|  0%| F|  |TAMS 0x000000008e200000, 0x000000008e200000| Untracked 
| 227|0x000000008e300000, 0x000000008e300000, 0x000000008e400000|  0%| F|  |TAMS 0x000000008e300000, 0x000000008e300000| Untracked 
| 228|0x000000008e400000, 0x000000008e400000, 0x000000008e500000|  0%| F|  |TAMS 0x000000008e400000, 0x000000008e400000| Untracked 
| 229|0x000000008e500000, 0x000000008e500000, 0x000000008e600000|  0%| F|  |TAMS 0x000000008e500000, 0x000000008e500000| Untracked 
| 230|0x000000008e600000, 0x000000008e600000, 0x000000008e700000|  0%| F|  |TAMS 0x000000008e600000, 0x000000008e600000| Untracked 
| 231|0x000000008e700000, 0x000000008e700000, 0x000000008e800000|  0%| F|  |TAMS 0x000000008e700000, 0x000000008e700000| Untracked 
| 232|0x000000008e800000, 0x000000008e800000, 0x000000008e900000|  0%| F|  |TAMS 0x000000008e800000, 0x000000008e800000| Untracked 
| 233|0x000000008e900000, 0x000000008e900000, 0x000000008ea00000|  0%| F|  |TAMS 0x000000008e900000, 0x000000008e900000| Untracked 
| 234|0x000000008ea00000, 0x000000008ea00000, 0x000000008eb00000|  0%| F|  |TAMS 0x000000008ea00000, 0x000000008ea00000| Untracked 
| 235|0x000000008eb00000, 0x000000008eb00000, 0x000000008ec00000|  0%| F|  |TAMS 0x000000008eb00000, 0x000000008eb00000| Untracked 
| 236|0x000000008ec00000, 0x000000008ec00000, 0x000000008ed00000|  0%| F|  |TAMS 0x000000008ec00000, 0x000000008ec00000| Untracked 
| 237|0x000000008ed00000, 0x000000008ed00000, 0x000000008ee00000|  0%| F|  |TAMS 0x000000008ed00000, 0x000000008ed00000| Untracked 
| 238|0x000000008ee00000, 0x000000008ee00000, 0x000000008ef00000|  0%| F|  |TAMS 0x000000008ee00000, 0x000000008ee00000| Untracked 
| 239|0x000000008ef00000, 0x000000008ef00000, 0x000000008f000000|  0%| F|  |TAMS 0x000000008ef00000, 0x000000008ef00000| Untracked 
| 240|0x000000008f000000, 0x000000008f000000, 0x000000008f100000|  0%| F|  |TAMS 0x000000008f000000, 0x000000008f000000| Untracked 
| 241|0x000000008f100000, 0x000000008f100000, 0x000000008f200000|  0%| F|  |TAMS 0x000000008f100000, 0x000000008f100000| Untracked 
| 242|0x000000008f200000, 0x000000008f200000, 0x000000008f300000|  0%| F|  |TAMS 0x000000008f200000, 0x000000008f200000| Untracked 
| 243|0x000000008f300000, 0x000000008f300000, 0x000000008f400000|  0%| F|  |TAMS 0x000000008f300000, 0x000000008f300000| Untracked 
| 244|0x000000008f400000, 0x000000008f400000, 0x000000008f500000|  0%| F|  |TAMS 0x000000008f400000, 0x000000008f400000| Untracked 
| 245|0x000000008f500000, 0x000000008f500000, 0x000000008f600000|  0%| F|  |TAMS 0x000000008f500000, 0x000000008f500000| Untracked 
| 246|0x000000008f600000, 0x000000008f600000, 0x000000008f700000|  0%| F|  |TAMS 0x000000008f600000, 0x000000008f600000| Untracked 
| 247|0x000000008f700000, 0x000000008f700000, 0x000000008f800000|  0%| F|  |TAMS 0x000000008f700000, 0x000000008f700000| Untracked 
| 248|0x000000008f800000, 0x000000008f800000, 0x000000008f900000|  0%| F|  |TAMS 0x000000008f800000, 0x000000008f800000| Untracked 
| 249|0x000000008f900000, 0x000000008f900000, 0x000000008fa00000|  0%| F|  |TAMS 0x000000008f900000, 0x000000008f900000| Untracked 
| 250|0x000000008fa00000, 0x000000008fa00000, 0x000000008fb00000|  0%| F|  |TAMS 0x000000008fa00000, 0x000000008fa00000| Untracked 
| 251|0x000000008fb00000, 0x000000008fb00000, 0x000000008fc00000|  0%| F|  |TAMS 0x000000008fb00000, 0x000000008fb00000| Untracked 
| 252|0x000000008fc00000, 0x000000008fc00000, 0x000000008fd00000|  0%| F|  |TAMS 0x000000008fc00000, 0x000000008fc00000| Untracked 
| 253|0x000000008fd00000, 0x000000008fd00000, 0x000000008fe00000|  0%| F|  |TAMS 0x000000008fd00000, 0x000000008fd00000| Untracked 
| 254|0x000000008fe00000, 0x000000008fe00000, 0x000000008ff00000|  0%| F|  |TAMS 0x000000008fe00000, 0x000000008fe00000| Untracked 
| 255|0x000000008ff00000, 0x000000008ff00000, 0x0000000090000000|  0%| F|  |TAMS 0x000000008ff00000, 0x000000008ff00000| Untracked 
| 256|0x0000000090000000, 0x0000000090000000, 0x0000000090100000|  0%| F|  |TAMS 0x0000000090000000, 0x0000000090000000| Untracked 
| 257|0x0000000090100000, 0x0000000090100000, 0x0000000090200000|  0%| F|  |TAMS 0x0000000090100000, 0x0000000090100000| Untracked 
| 258|0x0000000090200000, 0x0000000090200000, 0x0000000090300000|  0%| F|  |TAMS 0x0000000090200000, 0x0000000090200000| Untracked 
| 259|0x0000000090300000, 0x0000000090300000, 0x0000000090400000|  0%| F|  |TAMS 0x0000000090300000, 0x0000000090300000| Untracked 
| 260|0x0000000090400000, 0x0000000090400000, 0x0000000090500000|  0%| F|  |TAMS 0x0000000090400000, 0x0000000090400000| Untracked 
| 261|0x0000000090500000, 0x0000000090500000, 0x0000000090600000|  0%| F|  |TAMS 0x0000000090500000, 0x0000000090500000| Untracked 
| 262|0x0000000090600000, 0x0000000090600000, 0x0000000090700000|  0%| F|  |TAMS 0x0000000090600000, 0x0000000090600000| Untracked 
| 263|0x0000000090700000, 0x0000000090700000, 0x0000000090800000|  0%| F|  |TAMS 0x0000000090700000, 0x0000000090700000| Untracked 
| 264|0x0000000090800000, 0x0000000090800000, 0x0000000090900000|  0%| F|  |TAMS 0x0000000090800000, 0x0000000090800000| Untracked 
| 265|0x0000000090900000, 0x0000000090900000, 0x0000000090a00000|  0%| F|  |TAMS 0x0000000090900000, 0x0000000090900000| Untracked 
| 266|0x0000000090a00000, 0x0000000090a00000, 0x0000000090b00000|  0%| F|  |TAMS 0x0000000090a00000, 0x0000000090a00000| Untracked 
| 267|0x0000000090b00000, 0x0000000090b00000, 0x0000000090c00000|  0%| F|  |TAMS 0x0000000090b00000, 0x0000000090b00000| Untracked 
| 268|0x0000000090c00000, 0x0000000090c00000, 0x0000000090d00000|  0%| F|  |TAMS 0x0000000090c00000, 0x0000000090c00000| Untracked 
| 269|0x0000000090d00000, 0x0000000090d00000, 0x0000000090e00000|  0%| F|  |TAMS 0x0000000090d00000, 0x0000000090d00000| Untracked 
| 270|0x0000000090e00000, 0x0000000090e00000, 0x0000000090f00000|  0%| F|  |TAMS 0x0000000090e00000, 0x0000000090e00000| Untracked 
| 271|0x0000000090f00000, 0x0000000090f00000, 0x0000000091000000|  0%| F|  |TAMS 0x0000000090f00000, 0x0000000090f00000| Untracked 
| 272|0x0000000091000000, 0x0000000091000000, 0x0000000091100000|  0%| F|  |TAMS 0x0000000091000000, 0x0000000091000000| Untracked 
| 273|0x0000000091100000, 0x0000000091100000, 0x0000000091200000|  0%| F|  |TAMS 0x0000000091100000, 0x0000000091100000| Untracked 
| 274|0x0000000091200000, 0x0000000091200000, 0x0000000091300000|  0%| F|  |TAMS 0x0000000091200000, 0x0000000091200000| Untracked 
| 275|0x0000000091300000, 0x0000000091300000, 0x0000000091400000|  0%| F|  |TAMS 0x0000000091300000, 0x0000000091300000| Untracked 
| 276|0x0000000091400000, 0x0000000091400000, 0x0000000091500000|  0%| F|  |TAMS 0x0000000091400000, 0x0000000091400000| Untracked 
| 277|0x0000000091500000, 0x0000000091500000, 0x0000000091600000|  0%| F|  |TAMS 0x0000000091500000, 0x0000000091500000| Untracked 
| 278|0x0000000091600000, 0x0000000091600000, 0x0000000091700000|  0%| F|  |TAMS 0x0000000091600000, 0x0000000091600000| Untracked 
| 279|0x0000000091700000, 0x0000000091700000, 0x0000000091800000|  0%| F|  |TAMS 0x0000000091700000, 0x0000000091700000| Untracked 
| 280|0x0000000091800000, 0x0000000091800000, 0x0000000091900000|  0%| F|  |TAMS 0x0000000091800000, 0x0000000091800000| Untracked 
| 281|0x0000000091900000, 0x0000000091900000, 0x0000000091a00000|  0%| F|  |TAMS 0x0000000091900000, 0x0000000091900000| Untracked 
| 282|0x0000000091a00000, 0x0000000091a00000, 0x0000000091b00000|  0%| F|  |TAMS 0x0000000091a00000, 0x0000000091a00000| Untracked 
| 283|0x0000000091b00000, 0x0000000091b00000, 0x0000000091c00000|  0%| F|  |TAMS 0x0000000091b00000, 0x0000000091b00000| Untracked 
| 284|0x0000000091c00000, 0x0000000091c00000, 0x0000000091d00000|  0%| F|  |TAMS 0x0000000091c00000, 0x0000000091c00000| Untracked 
| 285|0x0000000091d00000, 0x0000000091d00000, 0x0000000091e00000|  0%| F|  |TAMS 0x0000000091d00000, 0x0000000091d00000| Untracked 
| 286|0x0000000091e00000, 0x0000000091e00000, 0x0000000091f00000|  0%| F|  |TAMS 0x0000000091e00000, 0x0000000091e00000| Untracked 
| 287|0x0000000091f00000, 0x0000000091f00000, 0x0000000092000000|  0%| F|  |TAMS 0x0000000091f00000, 0x0000000091f00000| Untracked 
| 288|0x0000000092000000, 0x0000000092000000, 0x0000000092100000|  0%| F|  |TAMS 0x0000000092000000, 0x0000000092000000| Untracked 
| 289|0x0000000092100000, 0x0000000092100000, 0x0000000092200000|  0%| F|  |TAMS 0x0000000092100000, 0x0000000092100000| Untracked 
| 290|0x0000000092200000, 0x0000000092200000, 0x0000000092300000|  0%| F|  |TAMS 0x0000000092200000, 0x0000000092200000| Untracked 
| 291|0x0000000092300000, 0x0000000092300000, 0x0000000092400000|  0%| F|  |TAMS 0x0000000092300000, 0x0000000092300000| Untracked 
| 292|0x0000000092400000, 0x0000000092400000, 0x0000000092500000|  0%| F|  |TAMS 0x0000000092400000, 0x0000000092400000| Untracked 
| 293|0x0000000092500000, 0x0000000092500000, 0x0000000092600000|  0%| F|  |TAMS 0x0000000092500000, 0x0000000092500000| Untracked 
| 294|0x0000000092600000, 0x0000000092600000, 0x0000000092700000|  0%| F|  |TAMS 0x0000000092600000, 0x0000000092600000| Untracked 
| 295|0x0000000092700000, 0x0000000092700000, 0x0000000092800000|  0%| F|  |TAMS 0x0000000092700000, 0x0000000092700000| Untracked 
| 296|0x0000000092800000, 0x0000000092800000, 0x0000000092900000|  0%| F|  |TAMS 0x0000000092800000, 0x0000000092800000| Untracked 
| 297|0x0000000092900000, 0x0000000092a00000, 0x0000000092a00000|100%| E|  |TAMS 0x0000000092900000, 0x0000000092900000| Complete 
| 298|0x0000000092a00000, 0x0000000092b00000, 0x0000000092b00000|100%| E|CS|TAMS 0x0000000092a00000, 0x0000000092a00000| Complete 
| 299|0x0000000092b00000, 0x0000000092c00000, 0x0000000092c00000|100%| E|CS|TAMS 0x0000000092b00000, 0x0000000092b00000| Complete 
| 300|0x0000000092c00000, 0x0000000092d00000, 0x0000000092d00000|100%| E|CS|TAMS 0x0000000092c00000, 0x0000000092c00000| Complete 
| 301|0x0000000092d00000, 0x0000000092e00000, 0x0000000092e00000|100%| E|CS|TAMS 0x0000000092d00000, 0x0000000092d00000| Complete 
| 302|0x0000000092e00000, 0x0000000092f00000, 0x0000000092f00000|100%| E|CS|TAMS 0x0000000092e00000, 0x0000000092e00000| Complete 
| 303|0x0000000092f00000, 0x0000000093000000, 0x0000000093000000|100%| E|CS|TAMS 0x0000000092f00000, 0x0000000092f00000| Complete 
| 304|0x0000000093000000, 0x0000000093100000, 0x0000000093100000|100%| E|CS|TAMS 0x0000000093000000, 0x0000000093000000| Complete 
| 305|0x0000000093100000, 0x0000000093200000, 0x0000000093200000|100%| E|CS|TAMS 0x0000000093100000, 0x0000000093100000| Complete 
| 306|0x0000000093200000, 0x0000000093300000, 0x0000000093300000|100%| E|CS|TAMS 0x0000000093200000, 0x0000000093200000| Complete 
| 307|0x0000000093300000, 0x0000000093400000, 0x0000000093400000|100%| E|CS|TAMS 0x0000000093300000, 0x0000000093300000| Complete 
| 308|0x0000000093400000, 0x0000000093500000, 0x0000000093500000|100%| E|CS|TAMS 0x0000000093400000, 0x0000000093400000| Complete 
| 309|0x0000000093500000, 0x0000000093600000, 0x0000000093600000|100%| E|CS|TAMS 0x0000000093500000, 0x0000000093500000| Complete 
| 310|0x0000000093600000, 0x0000000093700000, 0x0000000093700000|100%| E|CS|TAMS 0x0000000093600000, 0x0000000093600000| Complete 
| 311|0x0000000093700000, 0x0000000093800000, 0x0000000093800000|100%| E|CS|TAMS 0x0000000093700000, 0x0000000093700000| Complete 
| 312|0x0000000093800000, 0x0000000093900000, 0x0000000093900000|100%| E|CS|TAMS 0x0000000093800000, 0x0000000093800000| Complete 
| 313|0x0000000093900000, 0x0000000093a00000, 0x0000000093a00000|100%| E|CS|TAMS 0x0000000093900000, 0x0000000093900000| Complete 
| 314|0x0000000093a00000, 0x0000000093b00000, 0x0000000093b00000|100%| E|CS|TAMS 0x0000000093a00000, 0x0000000093a00000| Complete 
| 315|0x0000000093b00000, 0x0000000093c00000, 0x0000000093c00000|100%| E|CS|TAMS 0x0000000093b00000, 0x0000000093b00000| Complete 
| 316|0x0000000093c00000, 0x0000000093d00000, 0x0000000093d00000|100%| E|CS|TAMS 0x0000000093c00000, 0x0000000093c00000| Complete 
| 317|0x0000000093d00000, 0x0000000093e00000, 0x0000000093e00000|100%| E|CS|TAMS 0x0000000093d00000, 0x0000000093d00000| Complete 

Card table byte_map: [0x00000264da9a0000,0x00000264dada0000] _byte_map_base: 0x00000264da5a0000

Marking Bits (Prev, Next): (CMBitMap*) 0x00000264c77a1aa0, (CMBitMap*) 0x00000264c77a1a68
 Prev Bits: [0x00000264dd1a0000, 0x00000264df1a0000)
 Next Bits: [0x00000264db1a0000, 0x00000264dd1a0000)

Polling page: 0x00000264c6f40000

Metaspace:

Usage:
  Non-class:     19.86 MB capacity,    19.54 MB ( 98%) used,   287.84 KB (  1%) free+waste,    38.69 KB ( <1%) overhead. 
      Class:      2.99 MB capacity,     2.83 MB ( 94%) used,   154.02 KB (  5%) free+waste,    19.06 KB ( <1%) overhead. 
       Both:     22.85 MB capacity,    22.36 MB ( 98%) used,   441.86 KB (  2%) free+waste,    57.75 KB ( <1%) overhead. 

Virtual space:
  Non-class space:       20.00 MB reserved,      20.00 MB (100%) committed 
      Class space:        1.00 GB reserved,       3.00 MB ( <1%) committed 
             Both:        1.02 GB reserved,      23.00 MB (  2%) committed 

Chunk freelists:
   Non-Class:  17.00 KB
       Class:  6.00 KB
        Both:  23.00 KB

MaxMetaspaceSize: 17179869184.00 GB
CompressedClassSpaceSize: 1.00 GB
Initial GC threshold: 20.80 MB
Current GC threshold: 35.00 MB
CDS: off

CodeHeap 'non-profiled nmethods': size=120000Kb used=1123Kb max_used=1123Kb free=118876Kb
 bounds [0x00000264d2d40000, 0x00000264d2fb0000, 0x00000264da270000]
CodeHeap 'profiled nmethods': size=120000Kb used=4307Kb max_used=4307Kb free=115692Kb
 bounds [0x00000264cb810000, 0x00000264cbc50000, 0x00000264d2d40000]
CodeHeap 'non-nmethods': size=5760Kb used=1215Kb max_used=1243Kb free=4544Kb
 bounds [0x00000264cb270000, 0x00000264cb4e0000, 0x00000264cb810000]
 total_blobs=2529 nmethods=2042 adapters=399
 compilation: enabled
              stopped_count=0, restarted_count=0
 full_count=0

Compilation events (20 events):
Event: 46.450 Thread 0x00000264e24ee000 2026       4       jdk.internal.org.objectweb.asm.ClassWriter::newUTF8 (70 bytes)
Event: 46.450 Thread 0x00000264e24f2000 nmethod 2024 0x00000264cbc38c10 code [0x00000264cbc38e60, 0x00000264cbc39aa8]
Event: 46.450 Thread 0x00000264e24f2000 2025       3       jdk.internal.org.objectweb.asm.MethodWriter::noSuccessor (95 bytes)
Event: 46.451 Thread 0x00000264e24f2000 nmethod 2025 0x00000264cbc39d90 code [0x00000264cbc39fa0, 0x00000264cbc3a5a8]
Event: 46.470 Thread 0x00000264e24ee000 nmethod 2026 0x00000264d2e56110 code [0x00000264d2e56320, 0x00000264d2e57270]
Event: 46.742 Thread 0x00000264e24f2000 2027       1       sun.reflect.generics.repository.AbstractRepository::getFactory (5 bytes)
Event: 46.742 Thread 0x00000264e24f2000 nmethod 2027 0x00000264d2e57a10 code [0x00000264d2e57bc0, 0x00000264d2e57c78]
Event: 46.747 Thread 0x00000264e24f2000 2028       3       java.lang.reflect.Executable::getGenericParameterTypes (20 bytes)
Event: 46.747 Thread 0x00000264e24f2000 nmethod 2028 0x00000264cbc3a790 code [0x00000264cbc3a9a0, 0x00000264cbc3b088]
Event: 46.747 Thread 0x00000264e24f2000 2029       3       jdk.internal.org.objectweb.asm.Type::getArgumentsAndReturnSizes (151 bytes)
Event: 46.748 Thread 0x00000264e24f2000 nmethod 2029 0x00000264cbc3b210 code [0x00000264cbc3b580, 0x00000264cbc3cdf8]
Event: 46.759 Thread 0x00000264e24f2000 2030       3       org.gradle.internal.service.DefaultServiceRegistry$SingletonService::getAll (23 bytes)
Event: 46.759 Thread 0x00000264e24f2000 nmethod 2030 0x00000264cbc3d690 code [0x00000264cbc3d860, 0x00000264cbc3dae8]
Event: 46.907 Thread 0x00000264e24f2000 2033       3       jdk.internal.org.objectweb.asm.Type::getDescriptor (18 bytes)
Event: 46.907 Thread 0x00000264e24f2000 nmethod 2033 0x00000264cbc3dc10 code [0x00000264cbc3de40, 0x00000264cbc3e478]
Event: 46.908 Thread 0x00000264e24ee000 2034       4       java.lang.ClassNotFoundException::<init> (7 bytes)
Event: 46.911 Thread 0x00000264e24ee000 nmethod 2034 0x00000264d2e58310 code [0x00000264d2e584c0, 0x00000264d2e58c08]
Event: 47.126 Thread 0x00000264e24f2000 2035       3       java.lang.Package$VersionInfo::<init> (44 bytes)
Event: 47.126 Thread 0x00000264e24f2000 nmethod 2035 0x00000264cbc3e690 code [0x00000264cbc3e860, 0x00000264cbc3ec58]
Event: 47.154 Thread 0x00000264e24ee000 2036       4       java.io.DataInputStream::readUTF (501 bytes)

GC Heap History (4 events):
Event: 13.707 GC heap before
{Heap before GC invocations=0 (full 0):
 garbage-first heap   total 325632K, used 29696K [0x0000000080000000, 0x0000000100000000)
  region size 1024K, 24 young (24576K), 0 survivors (0K)
 Metaspace       used 10093K, capacity 10263K, committed 10368K, reserved 1058816K
  class space    used 1054K, capacity 1106K, committed 1152K, reserved 1048576K
}
Event: 13.710 GC heap after
{Heap after GC invocations=1 (full 0):
 garbage-first heap   total 325632K, used 9267K [0x0000000080000000, 0x0000000100000000)
  region size 1024K, 3 young (3072K), 3 survivors (3072K)
 Metaspace       used 10093K, capacity 10263K, committed 10368K, reserved 1058816K
  class space    used 1054K, capacity 1106K, committed 1152K, reserved 1048576K
}
Event: 43.532 GC heap before
{Heap before GC invocations=1 (full 0):
 garbage-first heap   total 325632K, used 114739K [0x0000000080000000, 0x0000000100000000)
  region size 1024K, 107 young (109568K), 3 survivors (3072K)
 Metaspace       used 20721K, capacity 21142K, committed 21248K, reserved 1067008K
  class space    used 2550K, capacity 2712K, committed 2816K, reserved 1048576K
}
Event: 43.541 GC heap after
{Heap after GC invocations=2 (full 0):
 garbage-first heap   total 325632K, used 16831K [0x0000000080000000, 0x0000000100000000)
  region size 1024K, 11 young (11264K), 11 survivors (11264K)
 Metaspace       used 20721K, capacity 21142K, committed 21248K, reserved 1067008K
  class space    used 2550K, capacity 2712K, committed 2816K, reserved 1048576K
}

Deoptimization events (20 events):
Event: 42.868 Thread 0x00000264e266d800 Uncommon trap: trap_request=0xffffffc6 fr.pc=0x00000264d2dc71a4 relative=0x0000000000000084
Event: 42.868 Thread 0x00000264e266d800 Uncommon trap: reason=bimorphic_or_optimized_type_check action=maybe_recompile pc=0x00000264d2dc71a4 method=java.util.AbstractList$Itr.hasNext()Z @ 8 c2
Event: 42.868 Thread 0x00000264e266d800 DEOPT PACKING pc=0x00000264d2dc71a4 sp=0x000000ef3c6fa5e0
Event: 42.868 Thread 0x00000264e266d800 DEOPT UNPACKING pc=0x00000264cb2ba1af sp=0x000000ef3c6fa578 mode 2
Event: 42.868 Thread 0x00000264e266d800 Uncommon trap: trap_request=0xffffffc6 fr.pc=0x00000264d2dc7554 relative=0x0000000000000114
Event: 42.868 Thread 0x00000264e266d800 Uncommon trap: reason=bimorphic_or_optimized_type_check action=maybe_recompile pc=0x00000264d2dc7554 method=java.util.AbstractList$Itr.next()Ljava/lang/Object; @ 14 c2
Event: 42.868 Thread 0x00000264e266d800 DEOPT PACKING pc=0x00000264d2dc7554 sp=0x000000ef3c6fa5d0
Event: 42.868 Thread 0x00000264e266d800 DEOPT UNPACKING pc=0x00000264cb2ba1af sp=0x000000ef3c6fa568 mode 2
Event: 42.868 Thread 0x00000264e266d800 Uncommon trap: trap_request=0xffffff4d fr.pc=0x00000264d2dc2bf8 relative=0x00000000000005b8
Event: 42.868 Thread 0x00000264e266d800 Uncommon trap: reason=unstable_if action=reinterpret pc=0x00000264d2dc2bf8 method=java.io.File.getName()Ljava/lang/String; @ 16 c2
Event: 42.868 Thread 0x00000264e266d800 DEOPT PACKING pc=0x00000264d2dc2bf8 sp=0x000000ef3c6fafa0
Event: 42.868 Thread 0x00000264e266d800 DEOPT UNPACKING pc=0x00000264cb2ba1af sp=0x000000ef3c6faf70 mode 2
Event: 42.868 Thread 0x00000264e266d800 Uncommon trap: trap_request=0xffffff4d fr.pc=0x00000264d2dbec90 relative=0x0000000000000450
Event: 42.868 Thread 0x00000264e266d800 Uncommon trap: reason=unstable_if action=reinterpret pc=0x00000264d2dbec90 method=java.lang.String.substring(I)Ljava/lang/String; @ 34 c2
Event: 42.868 Thread 0x00000264e266d800 DEOPT PACKING pc=0x00000264d2dbec90 sp=0x000000ef3c6faf20
Event: 42.868 Thread 0x00000264e266d800 DEOPT UNPACKING pc=0x00000264cb2ba1af sp=0x000000ef3c6faef8 mode 2
Event: 45.673 Thread 0x00000264e266d800 Uncommon trap: trap_request=0xffffff4d fr.pc=0x00000264d2e3b918 relative=0x0000000000000398
Event: 45.673 Thread 0x00000264e266d800 Uncommon trap: reason=unstable_if action=reinterpret pc=0x00000264d2e3b918 method=jdk.internal.org.objectweb.asm.Type.getArgumentsAndReturnSizes(Ljava/lang/String;)I @ 88 c2
Event: 45.673 Thread 0x00000264e266d800 DEOPT PACKING pc=0x00000264d2e3b918 sp=0x000000ef3c6f9510
Event: 45.673 Thread 0x00000264e266d800 DEOPT UNPACKING pc=0x00000264cb2ba1af sp=0x000000ef3c6f9498 mode 2

Classes redefined (0 events):
No events

Internal exceptions (20 events):
Event: 10.739 Thread 0x00000264c775e000 Exception <a 'java/lang/NoClassDefFoundError'{0x0000000092e99ff0}: org/slf4j/impl/StaticMarkerBinder> (0x0000000092e99ff0) thrown at [./src/hotspot/share/classfile/systemDictionary.cpp, line 220]
Event: 11.296 Thread 0x00000264c775e000 Exception <a 'java/lang/NoSuchMethodError'{0x0000000092bc67d8}: 'java.lang.Object java.lang.invoke.DirectMethodHandle$Holder.invokeVirtual(java.lang.Object, java.lang.Object, java.lang.Object, java.lang.Object, java.lang.Object, java.lang.Object, java.lang.Object)'> (0x0000000092bc67d8) thrown at [./src/hotspot/share/interpreter/linkResolver.cpp, line 773]
Event: 11.297 Thread 0x00000264c775e000 Exception <a 'java/lang/NoSuchMethodError'{0x0000000092bdb018}: 'java.lang.Object java.lang.invoke.Invokers$Holder.invoker(java.lang.Object, java.lang.Object, java.lang.Object)'> (0x0000000092bdb018) thrown at [./src/hotspot/share/interpreter/linkResolver.cpp, line 773]
Event: 11.300 Thread 0x00000264c775e000 Exception <a 'java/lang/NoSuchMethodError'{0x0000000092bec090}: 'void java.lang.invoke.DelegatingMethodHandle$Holder.delegate(java.lang.Object, java.lang.Object, int, java.lang.Object)'> (0x0000000092bec090) thrown at [./src/hotspot/share/interpreter/linkResolver.cpp, line 773]
Event: 20.540 Thread 0x00000264c775e000 Exception <a 'java/security/PrivilegedActionException'{0x0000000091469fa0}> (0x0000000091469fa0) thrown at [./src/hotspot/share/prims/jvm.cpp, line 1306]
Event: 20.540 Thread 0x00000264c775e000 Exception <a 'java/security/PrivilegedActionException'{0x000000009146a518}> (0x000000009146a518) thrown at [./src/hotspot/share/prims/jvm.cpp, line 1306]
Event: 24.810 Thread 0x00000264c775e000 Exception <a 'java/lang/NoSuchMethodError'{0x000000009039d880}: 'java.lang.Object java.lang.invoke.DirectMethodHandle$Holder.invokeStaticInit(java.lang.Object, java.lang.Object, java.lang.Object)'> (0x000000009039d880) thrown at [./src/hotspot/share/interpreter/linkResolver.cpp, line 773]
Event: 25.378 Thread 0x00000264c775e000 Exception <a 'java/lang/NoSuchMethodError'{0x000000008fc0fe28}: 'java.lang.Object java.lang.invoke.DirectMethodHandle$Holder.invokeStaticInit(java.lang.Object, int, int, int, int)'> (0x000000008fc0fe28) thrown at [./src/hotspot/share/interpreter/linkResolver.cpp, line 773]
Event: 25.975 Thread 0x00000264c775e000 Exception <a 'java/lang/NoSuchMethodError'{0x000000008fc4ec00}: 'java.lang.Object java.lang.invoke.DirectMethodHandle$Holder.invokeStaticInit(java.lang.Object, java.lang.Object, int, int, int, int)'> (0x000000008fc4ec00) thrown at [./src/hotspot/share/interpreter/linkResolver.cpp, line 773]
Event: 27.137 Thread 0x00000264c775e000 Exception <a 'java/io/IOException'{0x000000008fa2cbe0}> (0x000000008fa2cbe0) thrown at [./src/hotspot/share/prims/jni.cpp, line 615]
Event: 29.012 Thread 0x00000264e266d800 Exception <a 'java/lang/NoSuchMethodError'{0x000000008f4eed98}: 'long java.lang.invoke.DirectMethodHandle$Holder.invokeInterface(java.lang.Object, java.lang.Object)'> (0x000000008f4eed98) thrown at [./src/hotspot/share/interpreter/linkResolver.cpp, line 773]
Event: 29.013 Thread 0x00000264e266d800 Exception <a 'java/lang/NoSuchMethodError'{0x000000008f4fbe38}: 'void java.lang.invoke.DelegatingMethodHandle$Holder.reinvoke_L(java.lang.Object, java.lang.Object, java.lang.Object, java.lang.Object, java.lang.Object, java.lang.Object, java.lang.Object)'> (0x000000008f4fbe38) thrown at [./src/hotspot/share/interpreter/linkResolver.cpp, line 773]
Event: 40.743 Thread 0x00000264e266d800 Exception <a 'java/lang/NoSuchMethodError'{0x000000008d812c70}: 'void java.lang.invoke.DirectMethodHandle$Holder.invokeStaticInit(java.lang.Object)'> (0x000000008d812c70) thrown at [./src/hotspot/share/interpreter/linkResolver.cpp, line 773]
Event: 41.370 Thread 0x00000264e266d800 Exception <a 'java/lang/NoSuchMethodError'{0x000000008d8c1658}: 'java.lang.Object java.lang.invoke.DirectMethodHandle$Holder.invokeStatic(java.lang.Object, java.lang.Object, java.lang.Object, int)'> (0x000000008d8c1658) thrown at [./src/hotspot/share/interpreter/linkResolver.cpp, line 773]
Event: 41.370 Thread 0x00000264e266d800 Exception <a 'java/lang/NoSuchMethodError'{0x000000008d8c5d70}: 'java.lang.Object java.lang.invoke.DirectMethodHandle$Holder.invokeSpecial(java.lang.Object, java.lang.Object, java.lang.Object, java.lang.Object, int)'> (0x000000008d8c5d70) thrown at [./src/hotspot/share/interpreter/linkResolver.cpp, line 773]
Event: 41.370 Thread 0x00000264e266d800 Exception <a 'java/lang/NoSuchMethodError'{0x000000008d8c9ca8}: 'java.lang.Object java.lang.invoke.Invokers$Holder.linkToTargetMethod(java.lang.Object, java.lang.Object, int, java.lang.Object)'> (0x000000008d8c9ca8) thrown at [./src/hotspot/share/interpreter/linkResolver.cpp, line 773]
Event: 44.342 Thread 0x00000264e266d800 Exception <a 'java/lang/NoSuchMethodError'{0x0000000093bf7ca8}: 'int java.lang.invoke.DirectMethodHandle$Holder.invokeSpecialIFC(java.lang.Object, java.lang.Object, java.lang.Object, java.lang.Object)'> (0x0000000093bf7ca8) thrown at [./src/hotspot/share/interpreter/linkResolver.cpp, line 773]
Event: 44.343 Thread 0x00000264e266d800 Exception <a 'java/lang/NoSuchMethodError'{0x0000000093a06100}: 'java.lang.Object java.lang.invoke.DirectMethodHandle$Holder.invokeInterface(java.lang.Object, java.lang.Object, java.lang.Object)'> (0x0000000093a06100) thrown at [./src/hotspot/share/interpreter/linkResolver.cpp, line 773]
Event: 44.344 Thread 0x00000264e266d800 Exception <a 'java/lang/IncompatibleClassChangeError'{0x0000000093a095d8}: Found class java.lang.Object, but interface was expected> (0x0000000093a095d8) thrown at [./src/hotspot/share/interpreter/linkResolver.cpp, line 839]
Event: 46.907 Thread 0x00000264e266d800 Exception <a 'java/lang/NoSuchMethodError'{0x0000000092f619b0}: 'java.lang.Object java.lang.invoke.DirectMethodHandle$Holder.invokeSpecial(java.lang.Object, java.lang.Object, java.lang.Object, java.lang.Object, java.lang.Object, java.lang.Object, java.lang.Object, java.lang.Object, java.lang.Object)'> (0x0000000092f619b0) thrown at [./src/hotspot/share/interpreter/linkResolver.cpp, line 773]

Events (20 events):
Event: 47.125 loading class org/gradle/internal/resource/local/FileStoreSearcher
Event: 47.125 loading class org/gradle/internal/resource/local/FileStoreSearcher done
Event: 47.125 loading class org/gradle/api/internal/artifacts/ivyservice/modulecache/TwoStageModuleMetadataCache
Event: 47.125 loading class org/gradle/api/internal/artifacts/ivyservice/modulecache/TwoStageModuleMetadataCache done
Event: 47.126 loading class org/gradle/api/internal/artifacts/verification/signatures/SignatureVerificationServiceFactory
Event: 47.126 loading class org/gradle/api/internal/artifacts/verification/signatures/SignatureVerificationServiceFactory done
Event: 47.126 loading class org/gradle/initialization/DependenciesAccessors
Event: 47.126 loading class org/gradle/initialization/DependenciesAccessors done
Event: 47.126 loading class org/gradle/internal/resource/cached/CachedExternalResourceIndex
Event: 47.126 loading class org/gradle/internal/resource/cached/CachedExternalResourceIndex done
Event: 47.177 loading class org/gradle/api/internal/artifacts/ivyservice/resolveengine/result/AttributeContainerSerializer
Event: 47.177 loading class org/gradle/api/internal/artifacts/ivyservice/resolveengine/result/AttributeContainerSerializer done
Event: 47.178 loading class org/gradle/internal/resource/cached/ExternalResourceFileStore
Event: 47.178 loading class org/gradle/internal/resource/cached/ExternalResourceFileStore done
Event: 47.178 loading class org/gradle/api/internal/artifacts/ivyservice/ivyresolve/strategy/VersionComparator
Event: 47.178 loading class org/gradle/api/internal/artifacts/ivyservice/ivyresolve/strategy/VersionComparator done
Event: 47.179 loading class org/gradle/api/internal/artifacts/component/ComponentIdentifierFactory
Event: 47.179 loading class org/gradle/api/internal/artifacts/component/ComponentIdentifierFactory done
Event: 47.179 loading class org/gradle/internal/execution/steps/Step
Event: 47.179 loading class org/gradle/internal/execution/steps/Step done


Dynamic libraries:
0x00007ff683db0000 - 0x00007ff683dba000 	C:\Users\Baskaran\Downloads\android-studio-2021.2.1.15-windows(1)\android-studio\jre\bin\java.exe
0x00007fff0fb30000 - 0x00007fff0fd28000 	C:\Windows\SYSTEM32\ntdll.dll
0x00007fff0f970000 - 0x00007fff0fa2f000 	C:\Windows\System32\KERNEL32.DLL
0x00007fff0d590000 - 0x00007fff0d862000 	C:\Windows\System32\KERNELBASE.dll
0x00007fff0d2b0000 - 0x00007fff0d3b0000 	C:\Windows\System32\ucrtbase.dll
0x00007fff06410000 - 0x00007fff06429000 	C:\Users\Baskaran\Downloads\android-studio-2021.2.1.15-windows(1)\android-studio\jre\bin\jli.dll
0x00007fff0f7c0000 - 0x00007fff0f961000 	C:\Windows\System32\USER32.dll
0x00007fff0d400000 - 0x00007fff0d422000 	C:\Windows\System32\win32u.dll
0x00007ffef3e80000 - 0x00007ffef411a000 	C:\Windows\WinSxS\amd64_microsoft.windows.common-controls_6595b64144ccf1df_6.0.19041.1110_none_60b5254171f9507e\COMCTL32.dll
0x00007fff0de80000 - 0x00007fff0df1e000 	C:\Windows\System32\msvcrt.dll
0x00007fff0ed80000 - 0x00007fff0edab000 	C:\Windows\System32\GDI32.dll
0x00007fff0d8e0000 - 0x00007fff0d9ef000 	C:\Windows\System32\gdi32full.dll
0x00007fff0dad0000 - 0x00007fff0db6d000 	C:\Windows\System32\msvcp_win.dll
0x00007fff04720000 - 0x00007fff04737000 	C:\Users\Baskaran\Downloads\android-studio-2021.2.1.15-windows(1)\android-studio\jre\bin\VCRUNTIME140.dll
0x00007fff0fab0000 - 0x00007fff0fae2000 	C:\Windows\System32\IMM32.DLL
0x00007ffed8b90000 - 0x00007ffed8c2d000 	C:\Users\Baskaran\Downloads\android-studio-2021.2.1.15-windows(1)\android-studio\jre\bin\msvcp140.dll
0x00007ffeb3050000 - 0x00007ffeb3b35000 	C:\Users\Baskaran\Downloads\android-studio-2021.2.1.15-windows(1)\android-studio\jre\bin\server\jvm.dll
0x00007fff0dbd0000 - 0x00007fff0dc7e000 	C:\Windows\System32\ADVAPI32.dll
0x00007fff0f010000 - 0x00007fff0f0ac000 	C:\Windows\System32\sechost.dll
0x00007fff0e3b0000 - 0x00007fff0e4d5000 	C:\Windows\System32\RPCRT4.dll
0x00007fff0f000000 - 0x00007fff0f008000 	C:\Windows\System32\PSAPI.DLL
0x00007ffef8a80000 - 0x00007ffef8aa7000 	C:\Windows\SYSTEM32\WINMM.dll
0x00007fff07290000 - 0x00007fff0729a000 	C:\Windows\SYSTEM32\VERSION.dll
0x00007ffef5a10000 - 0x00007ffef5a19000 	C:\Windows\SYSTEM32\WSOCK32.dll
0x00007fff0ee60000 - 0x00007fff0eecb000 	C:\Windows\System32\WS2_32.dll
0x00007fff0b020000 - 0x00007fff0b032000 	C:\Windows\SYSTEM32\kernel.appcore.dll
0x00007fff07e40000 - 0x00007fff07e51000 	C:\Users\Baskaran\Downloads\android-studio-2021.2.1.15-windows(1)\android-studio\jre\bin\verify.dll
0x00007ffef8790000 - 0x00007ffef8974000 	C:\Windows\SYSTEM32\DBGHELP.DLL
0x00007ffef8680000 - 0x00007ffef86b5000 	C:\Windows\SYSTEM32\dbgcore.DLL
0x00007fff0d220000 - 0x00007fff0d2a2000 	C:\Windows\System32\bcryptPrimitives.dll
0x00007fff04450000 - 0x00007fff04479000 	C:\Users\Baskaran\Downloads\android-studio-2021.2.1.15-windows(1)\android-studio\jre\bin\java.dll
0x00007fff08ed0000 - 0x00007fff08edb000 	C:\Users\Baskaran\Downloads\android-studio-2021.2.1.15-windows(1)\android-studio\jre\bin\jimage.dll
0x00007fff078c0000 - 0x00007fff078d8000 	C:\Users\Baskaran\Downloads\android-studio-2021.2.1.15-windows(1)\android-studio\jre\bin\zip.dll
0x00007fff0e5b0000 - 0x00007fff0ecf4000 	C:\Windows\System32\SHELL32.dll
0x00007fff0b300000 - 0x00007fff0ba92000 	C:\Windows\SYSTEM32\windows.storage.dll
0x00007fff0e050000 - 0x00007fff0e3a5000 	C:\Windows\System32\combase.dll
0x00007fff0cba0000 - 0x00007fff0cbd0000 	C:\Windows\SYSTEM32\Wldp.dll
0x00007fff0edb0000 - 0x00007fff0ee5d000 	C:\Windows\System32\SHCORE.dll
0x00007fff0dff0000 - 0x00007fff0e045000 	C:\Windows\System32\shlwapi.dll
0x00007fff0d160000 - 0x00007fff0d17f000 	C:\Windows\SYSTEM32\profapi.dll
0x00007fff07850000 - 0x00007fff0786a000 	C:\Users\Baskaran\Downloads\android-studio-2021.2.1.15-windows(1)\android-studio\jre\bin\net.dll
0x00007fff05e00000 - 0x00007fff05f0c000 	C:\Windows\SYSTEM32\WINHTTP.dll
0x00007fff0c900000 - 0x00007fff0c96a000 	C:\Windows\system32\mswsock.dll
0x00007fff06380000 - 0x00007fff06394000 	C:\Users\Baskaran\Downloads\android-studio-2021.2.1.15-windows(1)\android-studio\jre\bin\nio.dll
0x00007ffef68a0000 - 0x00007ffef68c7000 	C:\Users\Baskaran\AndroidStudioProjects\VideoMergeDemo3\bin\native\e1d6ef7f7dcc3fd88c89a11ec53ec762bb8ba0a96d01ffa2cd45eb1d1d8dd5c5\windows-amd64\native-platform.dll
0x00007ffecc9c0000 - 0x00007ffeccb04000 	C:\Users\Baskaran\AndroidStudioProjects\VideoMergeDemo3\bin\native\5664cfc778a61ccfe75a443a1ab52a65af34e5dc3c78e0209fed803814484fcb\windows-amd64\native-platform-file-events.dll
0x00007fff08e20000 - 0x00007fff08e2a000 	C:\Users\Baskaran\Downloads\android-studio-2021.2.1.15-windows(1)\android-studio\jre\bin\management.dll
0x00007fff06360000 - 0x00007fff0636d000 	C:\Users\Baskaran\Downloads\android-studio-2021.2.1.15-windows(1)\android-studio\jre\bin\management_ext.dll
0x00007fff0cb00000 - 0x00007fff0cb18000 	C:\Windows\SYSTEM32\CRYPTSP.dll
0x00007fff0c220000 - 0x00007fff0c254000 	C:\Windows\system32\rsaenh.dll
0x00007fff0daa0000 - 0x00007fff0dac7000 	C:\Windows\System32\bcrypt.dll
0x00007fff0d090000 - 0x00007fff0d0be000 	C:\Windows\SYSTEM32\USERENV.dll
0x00007fff0caf0000 - 0x00007fff0cafc000 	C:\Windows\SYSTEM32\CRYPTBASE.dll
0x00007fff0c5f0000 - 0x00007fff0c62b000 	C:\Windows\SYSTEM32\IPHLPAPI.DLL
0x00007fff0dfe0000 - 0x00007fff0dfe8000 	C:\Windows\System32\NSI.dll
0x00007fff06e00000 - 0x00007fff06e17000 	C:\Windows\SYSTEM32\dhcpcsvc6.DLL
0x00007fff06d40000 - 0x00007fff06d5d000 	C:\Windows\SYSTEM32\dhcpcsvc.DLL
0x00007fff0c640000 - 0x00007fff0c70a000 	C:\Windows\SYSTEM32\DNSAPI.dll

dbghelp: loaded successfully - version: 4.0.5 - missing functions: none
symbol engine: initialized successfully - sym options: 0x614 - pdb path: .;C:\Users\Baskaran\Downloads\android-studio-2021.2.1.15-windows(1)\android-studio\jre\bin;C:\Windows\SYSTEM32;C:\Windows\WinSxS\amd64_microsoft.windows.common-controls_6595b64144ccf1df_6.0.19041.1110_none_60b5254171f9507e;C:\Users\Baskaran\Downloads\android-studio-2021.2.1.15-windows(1)\android-studio\jre\bin\server;C:\Users\Baskaran\AndroidStudioProjects\VideoMergeDemo3\bin\native\e1d6ef7f7dcc3fd88c89a11ec53ec762bb8ba0a96d01ffa2cd45eb1d1d8dd5c5\windows-amd64;C:\Users\Baskaran\AndroidStudioProjects\VideoMergeDemo3\bin\native\5664cfc778a61ccfe75a443a1ab52a65af34e5dc3c78e0209fed803814484fcb\windows-amd64

VM Arguments:
jvm_args: --add-opens=java.base/java.util=ALL-UNNAMED --add-opens=java.base/java.lang=ALL-UNNAMED --add-opens=java.base/java.lang.invoke=ALL-UNNAMED --add-opens=java.base/java.util=ALL-UNNAMED --add-opens=java.prefs/java.util.prefs=ALL-UNNAMED --add-opens=java.prefs/java.util.prefs=ALL-UNNAMED --add-opens=java.base/java.nio.charset=ALL-UNNAMED --add-opens=java.base/java.net=ALL-UNNAMED --add-opens=java.base/java.util.concurrent.atomic=ALL-UNNAMED -Xmx2048m -Dfile.encoding=UTF-8 -Duser.country=MY -Duser.language=en -Duser.variant 
java_command: org.gradle.launcher.daemon.bootstrap.GradleDaemon 7.3.3
java_class_path (initial): C:\Users\Baskaran\AndroidStudioProjects\VideoMergeDemo3\bin\wrapper\dists\gradle-7.3.3-bin\6a41zxkdtcxs8rphpq6y0069z\gradle-7.3.3\lib\gradle-launcher-7.3.3.jar
Launcher Type: SUN_STANDARD

[Global flags]
     intx CICompilerCount                          = 4                                         {product} {ergonomic}
     uint ConcGCThreads                            = 2                                         {product} {ergonomic}
     uint G1ConcRefinementThreads                  = 8                                         {product} {ergonomic}
   size_t G1HeapRegionSize                         = 1048576                                   {product} {ergonomic}
    uintx GCDrainStackTargetSize                   = 64                                        {product} {ergonomic}
   size_t InitialHeapSize                          = 333447168                                 {product} {ergonomic}
   size_t MarkStackSize                            = 4194304                                   {product} {ergonomic}
   size_t MaxHeapSize                              = 2147483648                                {product} {command line}
   size_t MaxNewSize                               = 1287651328                                {product} {ergonomic}
   size_t MinHeapDeltaBytes                        = 1048576                                   {product} {ergonomic}
    uintx NonNMethodCodeHeapSize                   = 5836300                                {pd product} {ergonomic}
    uintx NonProfiledCodeHeapSize                  = 122910970                              {pd product} {ergonomic}
    uintx ProfiledCodeHeapSize                     = 122910970                              {pd product} {ergonomic}
    uintx ReservedCodeCacheSize                    = 251658240                              {pd product} {ergonomic}
     bool SegmentedCodeCache                       = true                                      {product} {ergonomic}
     bool UseCompressedClassPointers               = true                                 {lp64_product} {ergonomic}
     bool UseCompressedOops                        = true                                 {lp64_product} {ergonomic}
     bool UseG1GC                                  = true                                      {product} {ergonomic}
     bool UseLargePagesIndividualAllocation        = false                                  {pd product} {ergonomic}

Logging:
Log output configuration:
 #0: stdout all=warning uptime,level,tags
 #1: stderr all=off uptime,level,tags

Environment Variables:
JAVA_HOME=C:\Program Files\Java\jdk-18.0.1.1
PATH=C:\Program Files\Common Files\Oracle\Java\javapath;C:\Program Files (x86)\Common Files\Oracle\Java\javapath;C:\Windows\system32;C:\Windows;C:\Windows\System32\Wbem;C:\Windows\System32\WindowsPowerShell\v1.0\;C:\Windows\System32\OpenSSH\;C:\ProgramData\chocolatey\bin;C:\Program Files\Git\cmd;C:\Program Files\dotnet\;C:\Program Files\CMake\bin;C:\Program Files\nodejs\;C:\Program Files\Java\jdk-18.0.1.1\bin;C:\Users\Baskaran\AppData\Local\Programs\Python\Python39\Scripts\;C:\Users\Baskaran\AppData\Local\Programs\Python\Python39\;C:\Users\Baskaran\AppData\Local\Microsoft\WindowsApps;C:\Users\Baskaran\AppData\Local\Programs\Python\Python39\Scripts;C:\Program Files\Java\jdk-16.0.1\bin;C:\Users\Baskaran\AppData\Local\Programs\Microsoft VS Code\bin;C:\Program Files\mingw-w64\x86_64-8.1.0-posix-seh-rt_v6-rev0\mingw64\bin;C:\Program Files\JetBrains\PyCharm Community Edition 2021.3.1\bin;;C:\ffmpeg\bin;C:\Program Files\heroku\bin;C:\Users\Baskaran\AppData\Roaming\npm
USERNAME=Baskaran
OS=Windows_NT
PROCESSOR_IDENTIFIER=Intel64 Family 6 Model 165 Stepping 3, GenuineIntel



---------------  S Y S T E M  ---------------

OS: Windows 10 , 64 bit Build 19041 (10.0.19041.2251)
OS uptime: 5 days 6:04 hours

CPU:total 8 (initial active 8) (4 cores per cpu, 2 threads per core) family 6 model 165 stepping 3 microcode 0xf0, cmov, cx8, fxsr, mmx, sse, sse2, sse3, ssse3, sse4.1, sse4.2, popcnt, avx, avx2, aes, clmul, erms, 3dnowpref, lzcnt, ht, tsc, tscinvbit, bmi1, bmi2, adx, fma

Memory: 4k page, system-wide physical 20226M (1495M free)
TotalPageFile size 20226M (AvailPageFile size 4M)
current process WorkingSet (physical memory assigned to process): 212M, peak: 221M
current process commit charge ("private bytes"): 451M, peak: 463M

vm_info: OpenJDK 64-Bit Server VM (11.0.12+7-b1504.28-7817840) for windows-amd64 JRE (11.0.12+7-b1504.28-7817840), built on Oct 13 2021 22:12:33 by "builder" with MS VC++ 14.0 (VS2015)

END.
